
Number of processes = 256
-------------------------
Number of threads = 1
-------------------------

Virtual Cartesian Processors Topology
-------------------------------------
Processors grid: 8x8x4
Periodicity X: 1
Periodicity Y: 0
Periodicity Z: 1


Simulation Parameters
---------------------
Number of species    = 4
qom[0] = -64
qom[1] = 1
qom[2] = -64
qom[3] = 1
x-Length                 = 10
y-Length                 = 10
z-Length                 = 10
Number of cells (x)      = 32
Number of cells (y)      = 32
Number of cells (z)      = 16
Time step                = 0.15
Number of cycles         = 100
Results saved in  : data256_weak
Case type         : GEM
Simulation name   : testGEM3D
Poisson correction: no
---------------------
Check Simulation Constraints
---------------------
Accuracy Constraint:  
u_th < dx/dt species 0.....OK
v_th < dy/dt species 0......OK
u_th < dx/dt species 1.....OK
v_th < dy/dt species 1......OK
u_th < dx/dt species 2.....OK
v_th < dy/dt species 2......OK
u_th < dx/dt species 3.....OK
v_th < dy/dt species 3......OK

Finite Grid Stability Constraint:  
WARNING. u_th*dt/dx (species 0) = 0.0216 < .1
WARNING. v_th*dt/dy (species 0) = 0.0216 < .1
WARNING. u_th*dt/dx (species 1) = 0.006048 < .1
WARNING. v_th*dt/dy (species 1) = 0.006048 < .1
WARNING. u_th*dt/dx (species 2) = 0.0216 < .1
WARNING. v_th*dt/dy (species 2) = 0.0216 < .1
WARNING. u_th*dt/dx (species 3) = 0.006048 < .1
WARNING. v_th*dt/dy (species 3) = 0.006048 < .1
------------------------------------------
Initialize GEM Challenge with Perturbation
------------------------------------------
B0x                              = 0.0195
B0y                              = 0
B0z                              = 0
Delta (current sheet thickness) = 0.5
rho species 0 = 1 DRIFTING 
rho species 1 = 1 DRIFTING 
rho species 2 = 0.1 BACKGROUND 
rho species 3 = 0.1 BACKGROUND 
-------------------------
 ======= Cycle 0 ======= 
*** E CALCULATION ***
*** MAXWELL SOLVER ***
Initial residual: 0.109956 norm b vector (source) = 0.109955
GMRES converged at restart # 0; iteration #5 with error: 0.000314487
*** B CALCULATION ***
 ======= Cycle 1 ======= 
*** E CALCULATION ***
*** MAXWELL SOLVER ***
Initial residual: 0.0676508 norm b vector (source) = 0.107254
GMRES converged at restart # 0; iteration #5 with error: 0.000358148
*** B CALCULATION ***
 ======= Cycle 2 ======= 
*** E CALCULATION ***
*** MAXWELL SOLVER ***
Initial residual: 0.0457387 norm b vector (source) = 0.0871753
GMRES converged at restart # 0; iteration #5 with error: 0.000403365
*** B CALCULATION ***
 ======= Cycle 3 ======= 
*** E CALCULATION ***
*** MAXWELL SOLVER ***
Initial residual: 0.032845 norm b vector (source) = 0.0686659
GMRES converged at restart # 0; iteration #5 with error: 0.000432715
*** B CALCULATION ***
 ======= Cycle 4 ======= 
*** E CALCULATION ***
*** MAXWELL SOLVER ***
Initial residual: 0.0259818 norm b vector (source) = 0.0538186
GMRES converged at restart # 0; iteration #5 with error: 0.000527314
*** B CALCULATION ***
 ======= Cycle 5 ======= 
*** E CALCULATION ***
*** MAXWELL SOLVER ***
Initial residual: 0.0240576 norm b vector (source) = 0.0423625
GMRES converged at restart # 0; iteration #5 with error: 0.000652241
*** B CALCULATION ***
 ======= Cycle 6 ======= 
*** E CALCULATION ***
*** MAXWELL SOLVER ***
Initial residual: 0.0224023 norm b vector (source) = 0.0369571
GMRES converged at restart # 0; iteration #5 with error: 0.00076242
*** B CALCULATION ***
 ======= Cycle 7 ======= 
*** E CALCULATION ***
*** MAXWELL SOLVER ***
Initial residual: 0.0195239 norm b vector (source) = 0.0377208
GMRES converged at restart # 0; iteration #5 with error: 0.000850157
*** B CALCULATION ***
 ======= Cycle 8 ======= 
*** E CALCULATION ***
*** MAXWELL SOLVER ***
Initial residual: 0.0172714 norm b vector (source) = 0.0406773
GMRES converged at restart # 0; iteration #5 with error: 0.000933763
*** B CALCULATION ***
 ======= Cycle 9 ======= 
*** E CALCULATION ***
*** MAXWELL SOLVER ***
Initial residual: 0.0167148 norm b vector (source) = 0.0429491
GMRES converged at restart # 0; iteration #5 with error: 0.000942084
*** B CALCULATION ***
 ======= Cycle 10 ======= 
*** E CALCULATION ***
*** MAXWELL SOLVER ***
Initial residual: 0.017143 norm b vector (source) = 0.0436479
GMRES converged at restart # 0; iteration #5 with error: 0.000837518
*** B CALCULATION ***
 ======= Cycle 11 ======= 
*** E CALCULATION ***
*** MAXWELL SOLVER ***
Initial residual: 0.0179469 norm b vector (source) = 0.0427912
GMRES converged at restart # 0; iteration #5 with error: 0.000717915
*** B CALCULATION ***
 ======= Cycle 12 ======= 
*** E CALCULATION ***
*** MAXWELL SOLVER ***
Initial residual: 0.0189125 norm b vector (source) = 0.0409187
GMRES converged at restart # 0; iteration #5 with error: 0.000731532
*** B CALCULATION ***
 ======= Cycle 13 ======= 
*** E CALCULATION ***
*** MAXWELL SOLVER ***
Initial residual: 0.0197052 norm b vector (source) = 0.0387907
GMRES converged at restart # 0; iteration #5 with error: 0.000745574
*** B CALCULATION ***
 ======= Cycle 14 ======= 
*** E CALCULATION ***
*** MAXWELL SOLVER ***
Initial residual: 0.0201325 norm b vector (source) = 0.0370129
GMRES converged at restart # 0; iteration #5 with error: 0.000743433
*** B CALCULATION ***
 ======= Cycle 15 ======= 
*** E CALCULATION ***
*** MAXWELL SOLVER ***
Initial residual: 0.0203022 norm b vector (source) = 0.0358275
GMRES converged at restart # 0; iteration #5 with error: 0.000738077
*** B CALCULATION ***
 ======= Cycle 16 ======= 
*** E CALCULATION ***
*** MAXWELL SOLVER ***
Initial residual: 0.0204322 norm b vector (source) = 0.0352225
GMRES converged at restart # 0; iteration #5 with error: 0.000709708
*** B CALCULATION ***
 ======= Cycle 17 ======= 
*** E CALCULATION ***
*** MAXWELL SOLVER ***
Initial residual: 0.0206222 norm b vector (source) = 0.0350842
GMRES converged at restart # 0; iteration #5 with error: 0.000653548
*** B CALCULATION ***
 ======= Cycle 18 ======= 
*** E CALCULATION ***
*** MAXWELL SOLVER ***
Initial residual: 0.02087 norm b vector (source) = 0.0352914
GMRES converged at restart # 0; iteration #5 with error: 0.000616398
*** B CALCULATION ***
 ======= Cycle 19 ======= 
*** E CALCULATION ***
*** MAXWELL SOLVER ***
Initial residual: 0.0211238 norm b vector (source) = 0.035722
GMRES converged at restart # 0; iteration #5 with error: 0.000651633
*** B CALCULATION ***
 ======= Cycle 20 ======= 
*** E CALCULATION ***
*** MAXWELL SOLVER ***
Initial residual: 0.021312 norm b vector (source) = 0.0362533
GMRES converged at restart # 0; iteration #5 with error: 0.000709793
*** B CALCULATION ***
 ======= Cycle 21 ======= 
*** E CALCULATION ***
*** MAXWELL SOLVER ***
Initial residual: 0.0213923 norm b vector (source) = 0.0367841
GMRES converged at restart # 0; iteration #5 with error: 0.000737178
*** B CALCULATION ***
 ======= Cycle 22 ======= 
*** E CALCULATION ***
*** MAXWELL SOLVER ***
Initial residual: 0.0213395 norm b vector (source) = 0.0372068
GMRES converged at restart # 0; iteration #5 with error: 0.00072693
*** B CALCULATION ***
 ======= Cycle 23 ======= 
*** E CALCULATION ***
*** MAXWELL SOLVER ***
Initial residual: 0.021148 norm b vector (source) = 0.0374048
GMRES converged at restart # 0; iteration #5 with error: 0.000701147
*** B CALCULATION ***
 ======= Cycle 24 ======= 
*** E CALCULATION ***
*** MAXWELL SOLVER ***
Initial residual: 0.02085 norm b vector (source) = 0.0373053
GMRES converged at restart # 0; iteration #5 with error: 0.000663442
*** B CALCULATION ***
 ======= Cycle 25 ======= 
*** E CALCULATION ***
*** MAXWELL SOLVER ***
Initial residual: 0.0204751 norm b vector (source) = 0.0368817
GMRES converged at restart # 0; iteration #5 with error: 0.000620515
*** B CALCULATION ***
 ======= Cycle 26 ======= 
*** E CALCULATION ***
*** MAXWELL SOLVER ***
Initial residual: 0.0200533 norm b vector (source) = 0.0361665
GMRES converged at restart # 0; iteration #5 with error: 0.000565483
*** B CALCULATION ***
 ======= Cycle 27 ======= 
*** E CALCULATION ***
*** MAXWELL SOLVER ***
Initial residual: 0.01961 norm b vector (source) = 0.035244
GMRES converged at restart # 0; iteration #5 with error: 0.000547117
*** B CALCULATION ***
 ======= Cycle 28 ======= 
*** E CALCULATION ***
*** MAXWELL SOLVER ***
Initial residual: 0.0191431 norm b vector (source) = 0.0342101
GMRES converged at restart # 0; iteration #5 with error: 0.000554412
*** B CALCULATION ***
 ======= Cycle 29 ======= 
*** E CALCULATION ***
*** MAXWELL SOLVER ***
Initial residual: 0.0186727 norm b vector (source) = 0.0331746
GMRES converged at restart # 0; iteration #5 with error: 0.000570347
*** B CALCULATION ***
 ======= Cycle 30 ======= 
*** E CALCULATION ***
*** MAXWELL SOLVER ***
Initial residual: 0.01819 norm b vector (source) = 0.0322047
GMRES converged at restart # 0; iteration #5 with error: 0.000581586
*** B CALCULATION ***
 ======= Cycle 31 ======= 
*** E CALCULATION ***
*** MAXWELL SOLVER ***
Initial residual: 0.017697 norm b vector (source) = 0.0313348
GMRES converged at restart # 0; iteration #5 with error: 0.000590112
*** B CALCULATION ***
 ======= Cycle 32 ======= 
*** E CALCULATION ***
*** MAXWELL SOLVER ***
Initial residual: 0.0172233 norm b vector (source) = 0.0305945
GMRES converged at restart # 0; iteration #5 with error: 0.000602376
*** B CALCULATION ***
 ======= Cycle 33 ======= 
*** E CALCULATION ***
*** MAXWELL SOLVER ***
Initial residual: 0.0167982 norm b vector (source) = 0.0300017
GMRES converged at restart # 0; iteration #5 with error: 0.000619094
*** B CALCULATION ***
 ======= Cycle 34 ======= 
*** E CALCULATION ***
*** MAXWELL SOLVER ***
Initial residual: 0.0164346 norm b vector (source) = 0.0295443
GMRES converged at restart # 0; iteration #5 with error: 0.000657591
*** B CALCULATION ***
 ======= Cycle 35 ======= 
*** E CALCULATION ***
*** MAXWELL SOLVER ***
Initial residual: 0.0161235 norm b vector (source) = 0.0291883
GMRES converged at restart # 0; iteration #5 with error: 0.000687865
*** B CALCULATION ***
 ======= Cycle 36 ======= 
*** E CALCULATION ***
*** MAXWELL SOLVER ***
Initial residual: 0.0158144 norm b vector (source) = 0.028856
GMRES converged at restart # 0; iteration #5 with error: 0.000723854
*** B CALCULATION ***
 ======= Cycle 37 ======= 
*** E CALCULATION ***
*** MAXWELL SOLVER ***
Initial residual: 0.0154851 norm b vector (source) = 0.0284892
GMRES converged at restart # 0; iteration #5 with error: 0.000723541
*** B CALCULATION ***
 ======= Cycle 38 ======= 
*** E CALCULATION ***
*** MAXWELL SOLVER ***
Initial residual: 0.0151536 norm b vector (source) = 0.0280812
GMRES converged at restart # 0; iteration #5 with error: 0.000715577
*** B CALCULATION ***
 ======= Cycle 39 ======= 
*** E CALCULATION ***
*** MAXWELL SOLVER ***
Initial residual: 0.014863 norm b vector (source) = 0.0276789
GMRES converged at restart # 0; iteration #5 with error: 0.000687269
*** B CALCULATION ***
 ======= Cycle 40 ======= 
*** E CALCULATION ***
*** MAXWELL SOLVER ***
Initial residual: 0.0146429 norm b vector (source) = 0.0273395
GMRES converged at restart # 0; iteration #5 with error: 0.000680455
*** B CALCULATION ***
 ======= Cycle 41 ======= 
*** E CALCULATION ***
*** MAXWELL SOLVER ***
Initial residual: 0.0144773 norm b vector (source) = 0.0270826
GMRES converged at restart # 0; iteration #5 with error: 0.000678951
*** B CALCULATION ***
 ======= Cycle 42 ======= 
*** E CALCULATION ***
*** MAXWELL SOLVER ***
Initial residual: 0.0143517 norm b vector (source) = 0.0269054
GMRES converged at restart # 0; iteration #5 with error: 0.000681319
*** B CALCULATION ***
 ======= Cycle 43 ======= 
*** E CALCULATION ***
*** MAXWELL SOLVER ***
Initial residual: 0.0142419 norm b vector (source) = 0.026786
GMRES converged at restart # 0; iteration #5 with error: 0.00068063
*** B CALCULATION ***
 ======= Cycle 44 ======= 
*** E CALCULATION ***
*** MAXWELL SOLVER ***
Initial residual: 0.0141321 norm b vector (source) = 0.026697
GMRES converged at restart # 0; iteration #5 with error: 0.000688751
*** B CALCULATION ***
 ======= Cycle 45 ======= 
*** E CALCULATION ***
*** MAXWELL SOLVER ***
Initial residual: 0.0140187 norm b vector (source) = 0.0266149
GMRES converged at restart # 0; iteration #5 with error: 0.000706123
*** B CALCULATION ***
 ======= Cycle 46 ======= 
*** E CALCULATION ***
*** MAXWELL SOLVER ***
Initial residual: 0.0138923 norm b vector (source) = 0.0265132
GMRES converged at restart # 0; iteration #5 with error: 0.000710087
*** B CALCULATION ***
 ======= Cycle 47 ======= 
*** E CALCULATION ***
*** MAXWELL SOLVER ***
Initial residual: 0.013779 norm b vector (source) = 0.0263906
GMRES converged at restart # 0; iteration #5 with error: 0.000709753
*** B CALCULATION ***
 ======= Cycle 48 ======= 
*** E CALCULATION ***
*** MAXWELL SOLVER ***
Initial residual: 0.0137072 norm b vector (source) = 0.0262604
GMRES converged at restart # 0; iteration #5 with error: 0.000714398
*** B CALCULATION ***
 ======= Cycle 49 ======= 
*** E CALCULATION ***
*** MAXWELL SOLVER ***
Initial residual: 0.0136876 norm b vector (source) = 0.0261337
GMRES converged at restart # 0; iteration #5 with error: 0.000725277
*** B CALCULATION ***
 ======= Cycle 50 ======= 
*** E CALCULATION ***
*** MAXWELL SOLVER ***
Initial residual: 0.0137051 norm b vector (source) = 0.026005
GMRES converged at restart # 0; iteration #5 with error: 0.000734031
*** B CALCULATION ***
 ======= Cycle 51 ======= 
*** E CALCULATION ***
*** MAXWELL SOLVER ***
Initial residual: 0.0137539 norm b vector (source) = 0.0258756
GMRES converged at restart # 0; iteration #5 with error: 0.000740152
*** B CALCULATION ***
 ======= Cycle 52 ======= 
*** E CALCULATION ***
*** MAXWELL SOLVER ***
Initial residual: 0.0138298 norm b vector (source) = 0.0257525
GMRES converged at restart # 0; iteration #5 with error: 0.000748694
*** B CALCULATION ***
 ======= Cycle 53 ======= 
*** E CALCULATION ***
*** MAXWELL SOLVER ***
Initial residual: 0.0139124 norm b vector (source) = 0.0256319
GMRES converged at restart # 0; iteration #5 with error: 0.00074991
*** B CALCULATION ***
 ======= Cycle 54 ======= 
*** E CALCULATION ***
*** MAXWELL SOLVER ***
Initial residual: 0.0140033 norm b vector (source) = 0.0255222
GMRES converged at restart # 0; iteration #5 with error: 0.00073755
*** B CALCULATION ***
 ======= Cycle 55 ======= 
*** E CALCULATION ***
*** MAXWELL SOLVER ***
Initial residual: 0.0141004 norm b vector (source) = 0.0254307
GMRES converged at restart # 0; iteration #5 with error: 0.000735677
*** B CALCULATION ***
 ======= Cycle 56 ======= 
*** E CALCULATION ***
*** MAXWELL SOLVER ***
Initial residual: 0.0141998 norm b vector (source) = 0.0253616
GMRES converged at restart # 0; iteration #5 with error: 0.000719923
*** B CALCULATION ***
 ======= Cycle 57 ======= 
*** E CALCULATION ***
*** MAXWELL SOLVER ***
Initial residual: 0.0143095 norm b vector (source) = 0.0253227
GMRES converged at restart # 0; iteration #5 with error: 0.000709076
*** B CALCULATION ***
 ======= Cycle 58 ======= 
*** E CALCULATION ***
*** MAXWELL SOLVER ***
Initial residual: 0.0144226 norm b vector (source) = 0.0253124
GMRES converged at restart # 0; iteration #5 with error: 0.00068303
*** B CALCULATION ***
 ======= Cycle 59 ======= 
*** E CALCULATION ***
*** MAXWELL SOLVER ***
Initial residual: 0.0145338 norm b vector (source) = 0.0253237
GMRES converged at restart # 0; iteration #5 with error: 0.000692087
*** B CALCULATION ***
 ======= Cycle 60 ======= 
*** E CALCULATION ***
*** MAXWELL SOLVER ***
Initial residual: 0.0146335 norm b vector (source) = 0.0253474
GMRES converged at restart # 0; iteration #5 with error: 0.000676118
*** B CALCULATION ***
 ======= Cycle 61 ======= 
*** E CALCULATION ***
*** MAXWELL SOLVER ***
Initial residual: 0.0147377 norm b vector (source) = 0.0253901
GMRES converged at restart # 0; iteration #5 with error: 0.000681327
*** B CALCULATION ***
 ======= Cycle 62 ======= 
*** E CALCULATION ***
*** MAXWELL SOLVER ***
Initial residual: 0.0148251 norm b vector (source) = 0.0254369
GMRES converged at restart # 0; iteration #5 with error: 0.000663692
*** B CALCULATION ***
 ======= Cycle 63 ======= 
*** E CALCULATION ***
*** MAXWELL SOLVER ***
Initial residual: 0.0149032 norm b vector (source) = 0.0254831
GMRES converged at restart # 0; iteration #5 with error: 0.000661024
*** B CALCULATION ***
 ======= Cycle 64 ======= 
*** E CALCULATION ***
*** MAXWELL SOLVER ***
Initial residual: 0.0149744 norm b vector (source) = 0.0255263
GMRES converged at restart # 0; iteration #5 with error: 0.000660595
*** B CALCULATION ***
 ======= Cycle 65 ======= 
*** E CALCULATION ***
*** MAXWELL SOLVER ***
Initial residual: 0.0150505 norm b vector (source) = 0.0255731
GMRES converged at restart # 0; iteration #5 with error: 0.000657959
*** B CALCULATION ***
 ======= Cycle 66 ======= 
*** E CALCULATION ***
*** MAXWELL SOLVER ***
Initial residual: 0.0151366 norm b vector (source) = 0.0256399
GMRES converged at restart # 0; iteration #5 with error: 0.000642178
*** B CALCULATION ***
 ======= Cycle 67 ======= 
*** E CALCULATION ***
*** MAXWELL SOLVER ***
Initial residual: 0.015235 norm b vector (source) = 0.0257395
GMRES converged at restart # 0; iteration #5 with error: 0.000664902
*** B CALCULATION ***
 ======= Cycle 68 ======= 
*** E CALCULATION ***
*** MAXWELL SOLVER ***
Initial residual: 0.0153457 norm b vector (source) = 0.0258736
GMRES converged at restart # 0; iteration #5 with error: 0.000661966
*** B CALCULATION ***
 ======= Cycle 69 ======= 
*** E CALCULATION ***
*** MAXWELL SOLVER ***
Initial residual: 0.015456 norm b vector (source) = 0.0260152
GMRES converged at restart # 0; iteration #5 with error: 0.000657365
*** B CALCULATION ***
 ======= Cycle 70 ======= 
*** E CALCULATION ***
*** MAXWELL SOLVER ***
Initial residual: 0.01554 norm b vector (source) = 0.0261266
GMRES converged at restart # 0; iteration #5 with error: 0.000653288
*** B CALCULATION ***
 ======= Cycle 71 ======= 
*** E CALCULATION ***
*** MAXWELL SOLVER ***
Initial residual: 0.015608 norm b vector (source) = 0.0262058
GMRES converged at restart # 0; iteration #5 with error: 0.000656305
*** B CALCULATION ***
 ======= Cycle 72 ======= 
*** E CALCULATION ***
*** MAXWELL SOLVER ***
Initial residual: 0.0156565 norm b vector (source) = 0.0262523
GMRES converged at restart # 0; iteration #5 with error: 0.000645483
*** B CALCULATION ***
 ======= Cycle 73 ======= 
*** E CALCULATION ***
*** MAXWELL SOLVER ***
Initial residual: 0.0156627 norm b vector (source) = 0.0262435
GMRES converged at restart # 0; iteration #5 with error: 0.00064068
*** B CALCULATION ***
 ======= Cycle 74 ======= 
*** E CALCULATION ***
*** MAXWELL SOLVER ***
Initial residual: 0.0156298 norm b vector (source) = 0.026174
GMRES converged at restart # 0; iteration #5 with error: 0.000634856
*** B CALCULATION ***
 ======= Cycle 75 ======= 
*** E CALCULATION ***
*** MAXWELL SOLVER ***
Initial residual: 0.0155665 norm b vector (source) = 0.0260543
GMRES converged at restart # 0; iteration #5 with error: 0.000636294
*** B CALCULATION ***
 ======= Cycle 76 ======= 
*** E CALCULATION ***
*** MAXWELL SOLVER ***
Initial residual: 0.0154799 norm b vector (source) = 0.0259022
GMRES converged at restart # 0; iteration #5 with error: 0.000638512
*** B CALCULATION ***
 ======= Cycle 77 ======= 
*** E CALCULATION ***
*** MAXWELL SOLVER ***
Initial residual: 0.0153752 norm b vector (source) = 0.025732
GMRES converged at restart # 0; iteration #5 with error: 0.000641462
*** B CALCULATION ***
 ======= Cycle 78 ======= 
*** E CALCULATION ***
*** MAXWELL SOLVER ***
Initial residual: 0.0152441 norm b vector (source) = 0.0255405
GMRES converged at restart # 0; iteration #5 with error: 0.000656138
*** B CALCULATION ***
 ======= Cycle 79 ======= 
*** E CALCULATION ***
*** MAXWELL SOLVER ***
Initial residual: 0.0150849 norm b vector (source) = 0.0253231
GMRES converged at restart # 0; iteration #5 with error: 0.000666548
*** B CALCULATION ***
 ======= Cycle 80 ======= 
*** E CALCULATION ***
*** MAXWELL SOLVER ***
Initial residual: 0.0149023 norm b vector (source) = 0.0250788
GMRES converged at restart # 0; iteration #5 with error: 0.000689222
*** B CALCULATION ***
 ======= Cycle 81 ======= 
*** E CALCULATION ***
*** MAXWELL SOLVER ***
Initial residual: 0.0146948 norm b vector (source) = 0.0248057
GMRES converged at restart # 0; iteration #5 with error: 0.00069721
*** B CALCULATION ***
 ======= Cycle 82 ======= 
*** E CALCULATION ***
*** MAXWELL SOLVER ***
Initial residual: 0.0144521 norm b vector (source) = 0.0244923
GMRES converged at restart # 0; iteration #5 with error: 0.000715806
*** B CALCULATION ***
 ======= Cycle 83 ======= 
*** E CALCULATION ***
*** MAXWELL SOLVER ***
Initial residual: 0.0141726 norm b vector (source) = 0.0241341
GMRES converged at restart # 0; iteration #5 with error: 0.000721302
*** B CALCULATION ***
 ======= Cycle 84 ======= 
*** E CALCULATION ***
*** MAXWELL SOLVER ***
Initial residual: 0.013875 norm b vector (source) = 0.0237435
GMRES converged at restart # 0; iteration #5 with error: 0.000726937
*** B CALCULATION ***
 ======= Cycle 85 ======= 
*** E CALCULATION ***
*** MAXWELL SOLVER ***
Initial residual: 0.0135523 norm b vector (source) = 0.0233174
GMRES converged at restart # 0; iteration #5 with error: 0.000735182
*** B CALCULATION ***
 ======= Cycle 86 ======= 
*** E CALCULATION ***
*** MAXWELL SOLVER ***
Initial residual: 0.0131972 norm b vector (source) = 0.0228494
GMRES converged at restart # 0; iteration #5 with error: 0.000738768
*** B CALCULATION ***
 ======= Cycle 87 ======= 
*** E CALCULATION ***
*** MAXWELL SOLVER ***
Initial residual: 0.0128157 norm b vector (source) = 0.0223411
GMRES converged at restart # 0; iteration #5 with error: 0.0007472
*** B CALCULATION ***
 ======= Cycle 88 ======= 
*** E CALCULATION ***
*** MAXWELL SOLVER ***
Initial residual: 0.0124337 norm b vector (source) = 0.021813
GMRES converged at restart # 0; iteration #5 with error: 0.000757351
*** B CALCULATION ***
 ======= Cycle 89 ======= 
*** E CALCULATION ***
*** MAXWELL SOLVER ***
Initial residual: 0.0120602 norm b vector (source) = 0.0212799
GMRES converged at restart # 0; iteration #5 with error: 0.000773736
*** B CALCULATION ***
 ======= Cycle 90 ======= 
*** E CALCULATION ***
*** MAXWELL SOLVER ***
Initial residual: 0.0117143 norm b vector (source) = 0.0207636
GMRES converged at restart # 0; iteration #5 with error: 0.000789507
*** B CALCULATION ***
 ======= Cycle 91 ======= 
*** E CALCULATION ***
*** MAXWELL SOLVER ***
Initial residual: 0.0114008 norm b vector (source) = 0.0202779
GMRES converged at restart # 0; iteration #5 with error: 0.000784967
*** B CALCULATION ***
 ======= Cycle 92 ======= 
*** E CALCULATION ***
*** MAXWELL SOLVER ***
Initial residual: 0.0111263 norm b vector (source) = 0.0198327
GMRES converged at restart # 0; iteration #5 with error: 0.000785292
*** B CALCULATION ***
 ======= Cycle 93 ======= 
*** E CALCULATION ***
*** MAXWELL SOLVER ***
Initial residual: 0.0109078 norm b vector (source) = 0.0194437
GMRES converged at restart # 0; iteration #5 with error: 0.000802205
*** B CALCULATION ***
 ======= Cycle 94 ======= 
*** E CALCULATION ***
*** MAXWELL SOLVER ***
Initial residual: 0.0107514 norm b vector (source) = 0.0191216
GMRES converged at restart # 0; iteration #5 with error: 0.000820132
*** B CALCULATION ***
 ======= Cycle 95 ======= 
*** E CALCULATION ***
*** MAXWELL SOLVER ***
Initial residual: 0.010646 norm b vector (source) = 0.018864
GMRES converged at restart # 0; iteration #5 with error: 0.000814191
*** B CALCULATION ***
 ======= Cycle 96 ======= 
*** E CALCULATION ***
*** MAXWELL SOLVER ***
Initial residual: 0.0105901 norm b vector (source) = 0.0186671
GMRES converged at restart # 0; iteration #5 with error: 0.000826074
*** B CALCULATION ***
 ======= Cycle 97 ======= 
*** E CALCULATION ***
*** MAXWELL SOLVER ***
Initial residual: 0.0105693 norm b vector (source) = 0.0185224
GMRES converged at restart # 0; iteration #5 with error: 0.000810825
*** B CALCULATION ***
 ======= Cycle 98 ======= 
*** E CALCULATION ***
*** MAXWELL SOLVER ***
Initial residual: 0.0105776 norm b vector (source) = 0.0184181
GMRES converged at restart # 0; iteration #5 with error: 0.000811362
*** B CALCULATION ***
 ======= Cycle 99 ======= 
*** E CALCULATION ***
*** MAXWELL SOLVER ***
Initial residual: 0.010618 norm b vector (source) = 0.0183518
GMRES converged at restart # 0; iteration #5 with error: 0.000798189
*** B CALCULATION ***


*** SIMULATION ENDED SUCESSFULLY ***
 Simulation Time: 4.24141 sec (0.00117817 hours)
***

