
Number of processes = 512
-------------------------
Number of threads = 1
-------------------------

Virtual Cartesian Processors Topology
-------------------------------------
Processors grid: 8x8x8
Periodicity X: 1
Periodicity Y: 0
Periodicity Z: 1


Simulation Parameters
---------------------
Number of species    = 4
qom[0] = -64
qom[1] = 1
qom[2] = -64
qom[3] = 1
x-Length                 = 10
y-Length                 = 10
z-Length                 = 10
Number of cells (x)      = 64
Number of cells (y)      = 64
Number of cells (z)      = 64
Time step                = 0.15
Number of cycles         = 100
Results saved in  : data512_notrack
Case type         : GEM
Simulation name   : testGEM3D
Poisson correction: no
---------------------
Check Simulation Constraints
---------------------
Accuracy Constraint:  
u_th < dx/dt species 0.....OK
v_th < dy/dt species 0......OK
u_th < dx/dt species 1.....OK
v_th < dy/dt species 1......OK
u_th < dx/dt species 2.....OK
v_th < dy/dt species 2......OK
u_th < dx/dt species 3.....OK
v_th < dy/dt species 3......OK

Finite Grid Stability Constraint:  
WARNING. u_th*dt/dx (species 0) = 0.0432 < .1
WARNING. v_th*dt/dy (species 0) = 0.0432 < .1
WARNING. u_th*dt/dx (species 1) = 0.012096 < .1
WARNING. v_th*dt/dy (species 1) = 0.012096 < .1
WARNING. u_th*dt/dx (species 2) = 0.0432 < .1
WARNING. v_th*dt/dy (species 2) = 0.0432 < .1
WARNING. u_th*dt/dx (species 3) = 0.012096 < .1
WARNING. v_th*dt/dy (species 3) = 0.012096 < .1
------------------------------------------
Initialize GEM Challenge with Perturbation
------------------------------------------
B0x                              = 0.0195
B0y                              = 0
B0z                              = 0
Delta (current sheet thickness) = 0.5
rho species 0 = 1 DRIFTING 
rho species 1 = 1 DRIFTING 
rho species 2 = 0.1 BACKGROUND 
rho species 3 = 0.1 BACKGROUND 
-------------------------
 ======= Cycle 0 ======= 
*** E CALCULATION ***
*** MAXWELL SOLVER ***
Initial residual: 0.296954 norm b vector (source) = 0.296952
GMRES converged at restart # 0; iteration #7 with error: 0.000772799
*** B CALCULATION ***
 ======= Cycle 1 ======= 
*** E CALCULATION ***
*** MAXWELL SOLVER ***
Initial residual: 0.066826 norm b vector (source) = 0.246145
GMRES converged at restart # 0; iteration #9 with error: 0.000557188
*** B CALCULATION ***
 ======= Cycle 2 ======= 
*** E CALCULATION ***
*** MAXWELL SOLVER ***
Initial residual: 0.0660805 norm b vector (source) = 0.12769
GMRES converged at restart # 0; iteration #8 with error: 0.000959383
*** B CALCULATION ***
 ======= Cycle 3 ======= 
*** E CALCULATION ***
*** MAXWELL SOLVER ***
Initial residual: 0.0640331 norm b vector (source) = 0.0713391
GMRES converged at restart # 0; iteration #9 with error: 0.000490749
*** B CALCULATION ***
 ======= Cycle 4 ======= 
*** E CALCULATION ***
*** MAXWELL SOLVER ***
Initial residual: 0.0457811 norm b vector (source) = 0.0671847
GMRES converged at restart # 0; iteration #9 with error: 0.000803503
*** B CALCULATION ***
 ======= Cycle 5 ======= 
*** E CALCULATION ***
*** MAXWELL SOLVER ***
Initial residual: 0.0480341 norm b vector (source) = 0.0680045
GMRES converged at restart # 0; iteration #9 with error: 0.000763325
*** B CALCULATION ***
 ======= Cycle 6 ======= 
*** E CALCULATION ***
*** MAXWELL SOLVER ***
Initial residual: 0.050988 norm b vector (source) = 0.0763006
GMRES converged at restart # 0; iteration #9 with error: 0.000719278
*** B CALCULATION ***
 ======= Cycle 7 ======= 
*** E CALCULATION ***
*** MAXWELL SOLVER ***
Initial residual: 0.0514683 norm b vector (source) = 0.0853413
GMRES converged at restart # 0; iteration #9 with error: 0.000617766
*** B CALCULATION ***
 ======= Cycle 8 ======= 
*** E CALCULATION ***
*** MAXWELL SOLVER ***
Initial residual: 0.053949 norm b vector (source) = 0.0902891
GMRES converged at restart # 0; iteration #9 with error: 0.000545602
*** B CALCULATION ***
 ======= Cycle 9 ======= 
*** E CALCULATION ***
*** MAXWELL SOLVER ***
Initial residual: 0.0564316 norm b vector (source) = 0.0922376
GMRES converged at restart # 0; iteration #9 with error: 0.000509309
*** B CALCULATION ***
 ======= Cycle 10 ======= 
*** E CALCULATION ***
*** MAXWELL SOLVER ***
Initial residual: 0.0578004 norm b vector (source) = 0.0923992
GMRES converged at restart # 0; iteration #9 with error: 0.000486681
*** B CALCULATION ***
 ======= Cycle 11 ======= 
*** E CALCULATION ***
*** MAXWELL SOLVER ***
Initial residual: 0.0587278 norm b vector (source) = 0.091315
GMRES converged at restart # 0; iteration #8 with error: 0.000986735
*** B CALCULATION ***
 ======= Cycle 12 ======= 
*** E CALCULATION ***
*** MAXWELL SOLVER ***
Initial residual: 0.0595965 norm b vector (source) = 0.0897889
GMRES converged at restart # 0; iteration #8 with error: 0.000987467
*** B CALCULATION ***
 ======= Cycle 13 ======= 
*** E CALCULATION ***
*** MAXWELL SOLVER ***
Initial residual: 0.0603896 norm b vector (source) = 0.088469
GMRES converged at restart # 0; iteration #9 with error: 0.000458928
*** B CALCULATION ***
 ======= Cycle 14 ======= 
*** E CALCULATION ***
*** MAXWELL SOLVER ***
Initial residual: 0.0611409 norm b vector (source) = 0.0875981
GMRES converged at restart # 0; iteration #9 with error: 0.000473324
*** B CALCULATION ***
 ======= Cycle 15 ======= 
*** E CALCULATION ***
*** MAXWELL SOLVER ***
Initial residual: 0.0618887 norm b vector (source) = 0.0871653
GMRES converged at restart # 0; iteration #9 with error: 0.00049478
*** B CALCULATION ***
 ======= Cycle 16 ======= 
*** E CALCULATION ***
*** MAXWELL SOLVER ***
Initial residual: 0.0626166 norm b vector (source) = 0.0870041
GMRES converged at restart # 0; iteration #9 with error: 0.000516116
*** B CALCULATION ***
 ======= Cycle 17 ======= 
*** E CALCULATION ***
*** MAXWELL SOLVER ***
Initial residual: 0.0633325 norm b vector (source) = 0.087017
GMRES converged at restart # 0; iteration #9 with error: 0.000524949
*** B CALCULATION ***
 ======= Cycle 18 ======= 
*** E CALCULATION ***
*** MAXWELL SOLVER ***
Initial residual: 0.0641457 norm b vector (source) = 0.0873433
GMRES converged at restart # 0; iteration #9 with error: 0.000519807
*** B CALCULATION ***
 ======= Cycle 19 ======= 
*** E CALCULATION ***
*** MAXWELL SOLVER ***
Initial residual: 0.0649283 norm b vector (source) = 0.0879571
GMRES converged at restart # 0; iteration #9 with error: 0.000503749
*** B CALCULATION ***
 ======= Cycle 20 ======= 
*** E CALCULATION ***
*** MAXWELL SOLVER ***
Initial residual: 0.0656996 norm b vector (source) = 0.0888363
GMRES converged at restart # 0; iteration #8 with error: 0.000993763
*** B CALCULATION ***
 ======= Cycle 21 ======= 
*** E CALCULATION ***
*** MAXWELL SOLVER ***
Initial residual: 0.066399 norm b vector (source) = 0.0898035
GMRES converged at restart # 0; iteration #8 with error: 0.000912033
*** B CALCULATION ***
 ======= Cycle 22 ======= 
*** E CALCULATION ***
*** MAXWELL SOLVER ***
Initial residual: 0.0669828 norm b vector (source) = 0.0906384
GMRES converged at restart # 0; iteration #8 with error: 0.000848505
*** B CALCULATION ***
 ======= Cycle 23 ======= 
*** E CALCULATION ***
*** MAXWELL SOLVER ***
Initial residual: 0.0674673 norm b vector (source) = 0.0912255
GMRES converged at restart # 0; iteration #8 with error: 0.000811575
*** B CALCULATION ***
 ======= Cycle 24 ======= 
*** E CALCULATION ***
*** MAXWELL SOLVER ***
Initial residual: 0.0678908 norm b vector (source) = 0.0915624
GMRES converged at restart # 0; iteration #8 with error: 0.000795786
*** B CALCULATION ***
 ======= Cycle 25 ======= 
*** E CALCULATION ***
*** MAXWELL SOLVER ***
Initial residual: 0.0682988 norm b vector (source) = 0.0917385
GMRES converged at restart # 0; iteration #8 with error: 0.000785406
*** B CALCULATION ***
 ======= Cycle 26 ======= 
*** E CALCULATION ***
*** MAXWELL SOLVER ***
Initial residual: 0.0687056 norm b vector (source) = 0.0918318
GMRES converged at restart # 0; iteration #8 with error: 0.000773067
*** B CALCULATION ***
 ======= Cycle 27 ======= 
*** E CALCULATION ***
*** MAXWELL SOLVER ***
Initial residual: 0.0691509 norm b vector (source) = 0.0919429
GMRES converged at restart # 0; iteration #8 with error: 0.000771251
*** B CALCULATION ***
 ======= Cycle 28 ======= 
*** E CALCULATION ***
*** MAXWELL SOLVER ***
Initial residual: 0.0695621 norm b vector (source) = 0.0920581
GMRES converged at restart # 0; iteration #8 with error: 0.000790585
*** B CALCULATION ***
 ======= Cycle 29 ======= 
*** E CALCULATION ***
*** MAXWELL SOLVER ***
Initial residual: 0.0699972 norm b vector (source) = 0.0922586
GMRES converged at restart # 0; iteration #8 with error: 0.000813886
*** B CALCULATION ***
 ======= Cycle 30 ======= 
*** E CALCULATION ***
*** MAXWELL SOLVER ***
Initial residual: 0.0703949 norm b vector (source) = 0.0925232
GMRES converged at restart # 0; iteration #8 with error: 0.000836956
*** B CALCULATION ***
 ======= Cycle 31 ======= 
*** E CALCULATION ***
*** MAXWELL SOLVER ***
Initial residual: 0.0707716 norm b vector (source) = 0.0928571
GMRES converged at restart # 0; iteration #8 with error: 0.000866488
*** B CALCULATION ***
 ======= Cycle 32 ======= 
*** E CALCULATION ***
*** MAXWELL SOLVER ***
Initial residual: 0.071146 norm b vector (source) = 0.0932657
GMRES converged at restart # 0; iteration #8 with error: 0.000870343
*** B CALCULATION ***
 ======= Cycle 33 ======= 
*** E CALCULATION ***
*** MAXWELL SOLVER ***
Initial residual: 0.0715405 norm b vector (source) = 0.0937493
GMRES converged at restart # 0; iteration #8 with error: 0.000858752
*** B CALCULATION ***
 ======= Cycle 34 ======= 
*** E CALCULATION ***
*** MAXWELL SOLVER ***
Initial residual: 0.0719539 norm b vector (source) = 0.094285
GMRES converged at restart # 0; iteration #8 with error: 0.000843223
*** B CALCULATION ***
 ======= Cycle 35 ======= 
*** E CALCULATION ***
*** MAXWELL SOLVER ***
Initial residual: 0.0723421 norm b vector (source) = 0.0948245
GMRES converged at restart # 0; iteration #8 with error: 0.00080303
*** B CALCULATION ***
 ======= Cycle 36 ======= 
*** E CALCULATION ***
*** MAXWELL SOLVER ***
Initial residual: 0.072789 norm b vector (source) = 0.0954639
GMRES converged at restart # 0; iteration #8 with error: 0.000770033
*** B CALCULATION ***
 ======= Cycle 37 ======= 
*** E CALCULATION ***
*** MAXWELL SOLVER ***
Initial residual: 0.0732315 norm b vector (source) = 0.0961471
GMRES converged at restart # 0; iteration #8 with error: 0.000755659
*** B CALCULATION ***
 ======= Cycle 38 ======= 
*** E CALCULATION ***
*** MAXWELL SOLVER ***
Initial residual: 0.0736993 norm b vector (source) = 0.0968409
GMRES converged at restart # 0; iteration #8 with error: 0.000748221
*** B CALCULATION ***
 ======= Cycle 39 ======= 
*** E CALCULATION ***
*** MAXWELL SOLVER ***
Initial residual: 0.0741965 norm b vector (source) = 0.0975053
GMRES converged at restart # 0; iteration #8 with error: 0.000757362
*** B CALCULATION ***
 ======= Cycle 40 ======= 
*** E CALCULATION ***
*** MAXWELL SOLVER ***
Initial residual: 0.0746651 norm b vector (source) = 0.0980626
GMRES converged at restart # 0; iteration #8 with error: 0.000763103
*** B CALCULATION ***
 ======= Cycle 41 ======= 
*** E CALCULATION ***
*** MAXWELL SOLVER ***
Initial residual: 0.0751561 norm b vector (source) = 0.0985582
GMRES converged at restart # 0; iteration #8 with error: 0.00079424
*** B CALCULATION ***
 ======= Cycle 42 ======= 
*** E CALCULATION ***
*** MAXWELL SOLVER ***
Initial residual: 0.0757362 norm b vector (source) = 0.0990875
GMRES converged at restart # 0; iteration #8 with error: 0.000792133
*** B CALCULATION ***
 ======= Cycle 43 ======= 
*** E CALCULATION ***
*** MAXWELL SOLVER ***
Initial residual: 0.0763691 norm b vector (source) = 0.099665
GMRES converged at restart # 0; iteration #8 with error: 0.000802828
*** B CALCULATION ***
 ======= Cycle 44 ======= 
*** E CALCULATION ***
*** MAXWELL SOLVER ***
Initial residual: 0.0769975 norm b vector (source) = 0.100264
GMRES converged at restart # 0; iteration #8 with error: 0.000854408
*** B CALCULATION ***
 ======= Cycle 45 ======= 
*** E CALCULATION ***
*** MAXWELL SOLVER ***
Initial residual: 0.0775966 norm b vector (source) = 0.10086
GMRES converged at restart # 0; iteration #8 with error: 0.000850689
*** B CALCULATION ***
 ======= Cycle 46 ======= 
*** E CALCULATION ***
*** MAXWELL SOLVER ***
Initial residual: 0.0781705 norm b vector (source) = 0.101432
GMRES converged at restart # 0; iteration #8 with error: 0.000857538
*** B CALCULATION ***
 ======= Cycle 47 ======= 
*** E CALCULATION ***
*** MAXWELL SOLVER ***
Initial residual: 0.0787272 norm b vector (source) = 0.101977
GMRES converged at restart # 0; iteration #8 with error: 0.00087907
*** B CALCULATION ***
 ======= Cycle 48 ======= 
*** E CALCULATION ***
*** MAXWELL SOLVER ***
Initial residual: 0.0792337 norm b vector (source) = 0.102465
GMRES converged at restart # 0; iteration #8 with error: 0.000859261
*** B CALCULATION ***
 ======= Cycle 49 ======= 
*** E CALCULATION ***
*** MAXWELL SOLVER ***
Initial residual: 0.0797528 norm b vector (source) = 0.102948
GMRES converged at restart # 0; iteration #8 with error: 0.000826269
*** B CALCULATION ***
 ======= Cycle 50 ======= 
*** E CALCULATION ***
*** MAXWELL SOLVER ***
Initial residual: 0.0803086 norm b vector (source) = 0.103465
GMRES converged at restart # 0; iteration #8 with error: 0.000832076
*** B CALCULATION ***
 ======= Cycle 51 ======= 
*** E CALCULATION ***
*** MAXWELL SOLVER ***
Initial residual: 0.0808025 norm b vector (source) = 0.103938
GMRES converged at restart # 0; iteration #8 with error: 0.000798588
*** B CALCULATION ***
 ======= Cycle 52 ======= 
*** E CALCULATION ***
*** MAXWELL SOLVER ***
Initial residual: 0.0812007 norm b vector (source) = 0.104314
GMRES converged at restart # 0; iteration #8 with error: 0.000773728
*** B CALCULATION ***
 ======= Cycle 53 ======= 
*** E CALCULATION ***
*** MAXWELL SOLVER ***
Initial residual: 0.0815761 norm b vector (source) = 0.104661
GMRES converged at restart # 0; iteration #8 with error: 0.000787615
*** B CALCULATION ***
 ======= Cycle 54 ======= 
*** E CALCULATION ***
*** MAXWELL SOLVER ***
Initial residual: 0.0819562 norm b vector (source) = 0.105034
GMRES converged at restart # 0; iteration #8 with error: 0.000755676
*** B CALCULATION ***
 ======= Cycle 55 ======= 
*** E CALCULATION ***
*** MAXWELL SOLVER ***
Initial residual: 0.0822793 norm b vector (source) = 0.105381
GMRES converged at restart # 0; iteration #8 with error: 0.000726955
*** B CALCULATION ***
 ======= Cycle 56 ======= 
*** E CALCULATION ***
*** MAXWELL SOLVER ***
Initial residual: 0.0825456 norm b vector (source) = 0.105676
GMRES converged at restart # 0; iteration #8 with error: 0.000758851
*** B CALCULATION ***
 ======= Cycle 57 ======= 
*** E CALCULATION ***
*** MAXWELL SOLVER ***
Initial residual: 0.0827855 norm b vector (source) = 0.105942
GMRES converged at restart # 0; iteration #8 with error: 0.000751696
*** B CALCULATION ***
 ======= Cycle 58 ======= 
*** E CALCULATION ***
*** MAXWELL SOLVER ***
Initial residual: 0.0829756 norm b vector (source) = 0.106154
GMRES converged at restart # 0; iteration #8 with error: 0.000736062
*** B CALCULATION ***
 ======= Cycle 59 ======= 
*** E CALCULATION ***
*** MAXWELL SOLVER ***
Initial residual: 0.0830819 norm b vector (source) = 0.106269
GMRES converged at restart # 0; iteration #8 with error: 0.000770933
*** B CALCULATION ***
 ======= Cycle 60 ======= 
*** E CALCULATION ***
*** MAXWELL SOLVER ***
Initial residual: 0.0830818 norm b vector (source) = 0.106249
GMRES converged at restart # 0; iteration #8 with error: 0.000749517
*** B CALCULATION ***
 ======= Cycle 61 ======= 
*** E CALCULATION ***
*** MAXWELL SOLVER ***
Initial residual: 0.0830714 norm b vector (source) = 0.106181
GMRES converged at restart # 0; iteration #8 with error: 0.000734805
*** B CALCULATION ***
 ======= Cycle 62 ======= 
*** E CALCULATION ***
*** MAXWELL SOLVER ***
Initial residual: 0.0830403 norm b vector (source) = 0.106069
GMRES converged at restart # 0; iteration #8 with error: 0.000773441
*** B CALCULATION ***
 ======= Cycle 63 ======= 
*** E CALCULATION ***
*** MAXWELL SOLVER ***
Initial residual: 0.0829754 norm b vector (source) = 0.105911
GMRES converged at restart # 0; iteration #8 with error: 0.000776656
*** B CALCULATION ***
 ======= Cycle 64 ======= 
*** E CALCULATION ***
*** MAXWELL SOLVER ***
Initial residual: 0.0829533 norm b vector (source) = 0.105782
GMRES converged at restart # 0; iteration #8 with error: 0.000753853
*** B CALCULATION ***
 ======= Cycle 65 ======= 
*** E CALCULATION ***
*** MAXWELL SOLVER ***
Initial residual: 0.0829738 norm b vector (source) = 0.105703
GMRES converged at restart # 0; iteration #8 with error: 0.000750994
*** B CALCULATION ***
 ======= Cycle 66 ======= 
*** E CALCULATION ***
*** MAXWELL SOLVER ***
Initial residual: 0.0830713 norm b vector (source) = 0.105725
GMRES converged at restart # 0; iteration #8 with error: 0.000713081
*** B CALCULATION ***
 ======= Cycle 67 ======= 
*** E CALCULATION ***
*** MAXWELL SOLVER ***
Initial residual: 0.0831832 norm b vector (source) = 0.105797
GMRES converged at restart # 0; iteration #8 with error: 0.000714749
*** B CALCULATION ***
 ======= Cycle 68 ======= 
*** E CALCULATION ***
*** MAXWELL SOLVER ***
Initial residual: 0.0834151 norm b vector (source) = 0.106021
GMRES converged at restart # 0; iteration #8 with error: 0.000760722
*** B CALCULATION ***
 ======= Cycle 69 ======= 
*** E CALCULATION ***
*** MAXWELL SOLVER ***
Initial residual: 0.0837598 norm b vector (source) = 0.106417
GMRES converged at restart # 0; iteration #8 with error: 0.000762769
*** B CALCULATION ***
 ======= Cycle 70 ======= 
*** E CALCULATION ***
*** MAXWELL SOLVER ***
Initial residual: 0.0840921 norm b vector (source) = 0.106839
GMRES converged at restart # 0; iteration #8 with error: 0.000742053
*** B CALCULATION ***
 ======= Cycle 71 ======= 
*** E CALCULATION ***
*** MAXWELL SOLVER ***
Initial residual: 0.0844298 norm b vector (source) = 0.107271
GMRES converged at restart # 0; iteration #8 with error: 0.000744753
*** B CALCULATION ***
 ======= Cycle 72 ======= 
*** E CALCULATION ***
*** MAXWELL SOLVER ***
Initial residual: 0.0847572 norm b vector (source) = 0.1077
GMRES converged at restart # 0; iteration #8 with error: 0.000740656
*** B CALCULATION ***
 ======= Cycle 73 ======= 
*** E CALCULATION ***
*** MAXWELL SOLVER ***
Initial residual: 0.0851105 norm b vector (source) = 0.108139
GMRES converged at restart # 0; iteration #8 with error: 0.000765846
*** B CALCULATION ***
 ======= Cycle 74 ======= 
*** E CALCULATION ***
*** MAXWELL SOLVER ***
Initial residual: 0.0854826 norm b vector (source) = 0.108575
GMRES converged at restart # 0; iteration #8 with error: 0.000801435
*** B CALCULATION ***
 ======= Cycle 75 ======= 
*** E CALCULATION ***
*** MAXWELL SOLVER ***
Initial residual: 0.085928 norm b vector (source) = 0.109084
GMRES converged at restart # 0; iteration #8 with error: 0.000773871
*** B CALCULATION ***
 ======= Cycle 76 ======= 
*** E CALCULATION ***
*** MAXWELL SOLVER ***
Initial residual: 0.0863456 norm b vector (source) = 0.109579
GMRES converged at restart # 0; iteration #8 with error: 0.000746893
*** B CALCULATION ***
 ======= Cycle 77 ======= 
*** E CALCULATION ***
*** MAXWELL SOLVER ***
Initial residual: 0.086747 norm b vector (source) = 0.110041
GMRES converged at restart # 0; iteration #8 with error: 0.000764301
*** B CALCULATION ***
 ======= Cycle 78 ======= 
*** E CALCULATION ***
*** MAXWELL SOLVER ***
Initial residual: 0.0870983 norm b vector (source) = 0.110423
GMRES converged at restart # 0; iteration #8 with error: 0.000762748
*** B CALCULATION ***
 ======= Cycle 79 ======= 
*** E CALCULATION ***
*** MAXWELL SOLVER ***
Initial residual: 0.08741 norm b vector (source) = 0.110747
GMRES converged at restart # 0; iteration #8 with error: 0.000778733
*** B CALCULATION ***
 ======= Cycle 80 ======= 
*** E CALCULATION ***
*** MAXWELL SOLVER ***
Initial residual: 0.0876981 norm b vector (source) = 0.111039
GMRES converged at restart # 0; iteration #8 with error: 0.000784822
*** B CALCULATION ***
 ======= Cycle 81 ======= 
*** E CALCULATION ***
*** MAXWELL SOLVER ***
Initial residual: 0.0879193 norm b vector (source) = 0.11127
GMRES converged at restart # 0; iteration #8 with error: 0.000766674
*** B CALCULATION ***
 ======= Cycle 82 ======= 
*** E CALCULATION ***
*** MAXWELL SOLVER ***
Initial residual: 0.0880774 norm b vector (source) = 0.111429
GMRES converged at restart # 0; iteration #8 with error: 0.000778837
*** B CALCULATION ***
 ======= Cycle 83 ======= 
*** E CALCULATION ***
*** MAXWELL SOLVER ***
Initial residual: 0.0881562 norm b vector (source) = 0.111485
GMRES converged at restart # 0; iteration #8 with error: 0.000806584
*** B CALCULATION ***
 ======= Cycle 84 ======= 
*** E CALCULATION ***
*** MAXWELL SOLVER ***
Initial residual: 0.0881723 norm b vector (source) = 0.11145
GMRES converged at restart # 0; iteration #8 with error: 0.0008114
*** B CALCULATION ***
 ======= Cycle 85 ======= 
*** E CALCULATION ***
*** MAXWELL SOLVER ***
Initial residual: 0.0881765 norm b vector (source) = 0.111399
GMRES converged at restart # 0; iteration #8 with error: 0.000777205
*** B CALCULATION ***
 ======= Cycle 86 ======= 
*** E CALCULATION ***
*** MAXWELL SOLVER ***
Initial residual: 0.088205 norm b vector (source) = 0.111386
GMRES converged at restart # 0; iteration #8 with error: 0.00073653
*** B CALCULATION ***
 ======= Cycle 87 ======= 
*** E CALCULATION ***
*** MAXWELL SOLVER ***
Initial residual: 0.0882467 norm b vector (source) = 0.111405
GMRES converged at restart # 0; iteration #8 with error: 0.000743414
*** B CALCULATION ***
 ======= Cycle 88 ======= 
*** E CALCULATION ***
*** MAXWELL SOLVER ***
Initial residual: 0.0883033 norm b vector (source) = 0.111442
GMRES converged at restart # 0; iteration #8 with error: 0.000766217
*** B CALCULATION ***
 ======= Cycle 89 ======= 
*** E CALCULATION ***
*** MAXWELL SOLVER ***
Initial residual: 0.0883848 norm b vector (source) = 0.111516
GMRES converged at restart # 0; iteration #8 with error: 0.000781968
*** B CALCULATION ***
 ======= Cycle 90 ======= 
*** E CALCULATION ***
*** MAXWELL SOLVER ***
Initial residual: 0.0884925 norm b vector (source) = 0.111642
GMRES converged at restart # 0; iteration #8 with error: 0.00075374
*** B CALCULATION ***
 ======= Cycle 91 ======= 
*** E CALCULATION ***
*** MAXWELL SOLVER ***
Initial residual: 0.0885876 norm b vector (source) = 0.111777
GMRES converged at restart # 0; iteration #8 with error: 0.000714566
*** B CALCULATION ***
 ======= Cycle 92 ======= 
*** E CALCULATION ***
*** MAXWELL SOLVER ***
Initial residual: 0.0886206 norm b vector (source) = 0.111854
GMRES converged at restart # 0; iteration #8 with error: 0.000705404
*** B CALCULATION ***
 ======= Cycle 93 ======= 
*** E CALCULATION ***
*** MAXWELL SOLVER ***
Initial residual: 0.0885762 norm b vector (source) = 0.111828
GMRES converged at restart # 0; iteration #8 with error: 0.000717166
*** B CALCULATION ***
 ======= Cycle 94 ======= 
*** E CALCULATION ***
*** MAXWELL SOLVER ***
Initial residual: 0.0885286 norm b vector (source) = 0.111771
GMRES converged at restart # 0; iteration #8 with error: 0.000735612
*** B CALCULATION ***
 ======= Cycle 95 ======= 
*** E CALCULATION ***
*** MAXWELL SOLVER ***
Initial residual: 0.0884637 norm b vector (source) = 0.11168
GMRES converged at restart # 0; iteration #8 with error: 0.000742101
*** B CALCULATION ***
 ======= Cycle 96 ======= 
*** E CALCULATION ***
*** MAXWELL SOLVER ***
Initial residual: 0.0883977 norm b vector (source) = 0.111561
GMRES converged at restart # 0; iteration #8 with error: 0.000734448
*** B CALCULATION ***
 ======= Cycle 97 ======= 
*** E CALCULATION ***
*** MAXWELL SOLVER ***
Initial residual: 0.0883766 norm b vector (source) = 0.111465
GMRES converged at restart # 0; iteration #8 with error: 0.000746017
*** B CALCULATION ***
 ======= Cycle 98 ======= 
*** E CALCULATION ***
*** MAXWELL SOLVER ***
Initial residual: 0.0883373 norm b vector (source) = 0.111347
GMRES converged at restart # 0; iteration #8 with error: 0.00074625
*** B CALCULATION ***
 ======= Cycle 99 ======= 
*** E CALCULATION ***
*** MAXWELL SOLVER ***
Initial residual: 0.0883079 norm b vector (source) = 0.111236
GMRES converged at restart # 0; iteration #8 with error: 0.000745919
*** B CALCULATION ***


*** SIMULATION ENDED SUCESSFULLY ***
 Simulation Time: 27.1522 sec (0.00754228 hours)
***

3 total processes killed (some possibly by mpirun during cleanup)
