
Number of processes = 256
-------------------------
Number of threads = 1
-------------------------

Virtual Cartesian Processors Topology
-------------------------------------
Processors grid: 8x8x4
Periodicity X: 1
Periodicity Y: 0
Periodicity Z: 1


Simulation Parameters
---------------------
Number of species    = 4
qom[0] = -64
qom[1] = 1
qom[2] = -64
qom[3] = 1
x-Length                 = 10
y-Length                 = 10
z-Length                 = 10
Number of cells (x)      = 64
Number of cells (y)      = 64
Number of cells (z)      = 64
Time step                = 0.15
Number of cycles         = 100
Results saved in  : data256
Case type         : GEM
Simulation name   : testGEM3D
Poisson correction: no
---------------------
Check Simulation Constraints
---------------------
Accuracy Constraint:  
u_th < dx/dt species 0.....OK
v_th < dy/dt species 0......OK
u_th < dx/dt species 1.....OK
v_th < dy/dt species 1......OK
u_th < dx/dt species 2.....OK
v_th < dy/dt species 2......OK
u_th < dx/dt species 3.....OK
v_th < dy/dt species 3......OK

Finite Grid Stability Constraint:  
WARNING. u_th*dt/dx (species 0) = 0.0432 < .1
WARNING. v_th*dt/dy (species 0) = 0.0432 < .1
WARNING. u_th*dt/dx (species 1) = 0.012096 < .1
WARNING. v_th*dt/dy (species 1) = 0.012096 < .1
WARNING. u_th*dt/dx (species 2) = 0.0432 < .1
WARNING. v_th*dt/dy (species 2) = 0.0432 < .1
WARNING. u_th*dt/dx (species 3) = 0.012096 < .1
WARNING. v_th*dt/dy (species 3) = 0.012096 < .1
------------------------------------------
Initialize GEM Challenge with Perturbation
------------------------------------------
B0x                              = 0.0195
B0y                              = 0
B0z                              = 0
Delta (current sheet thickness) = 0.5
rho species 0 = 1 DRIFTING 
rho species 1 = 1 DRIFTING 
rho species 2 = 0.1 BACKGROUND 
rho species 3 = 0.1 BACKGROUND 
-------------------------
 ======= Cycle 0 ======= 
*** E CALCULATION ***
*** MAXWELL SOLVER ***
Initial residual: 0.289495 norm b vector (source) = 0.289494
GMRES converged at restart # 0; iteration #7 with error: 0.000780866
*** B CALCULATION ***
 ======= Cycle 1 ======= 
*** E CALCULATION ***
*** MAXWELL SOLVER ***
Initial residual: 0.065061 norm b vector (source) = 0.240029
GMRES converged at restart # 0; iteration #9 with error: 0.0005595
*** B CALCULATION ***
 ======= Cycle 2 ======= 
*** E CALCULATION ***
*** MAXWELL SOLVER ***
Initial residual: 0.0649443 norm b vector (source) = 0.124505
GMRES converged at restart # 0; iteration #8 with error: 0.000950511
*** B CALCULATION ***
 ======= Cycle 3 ======= 
*** E CALCULATION ***
*** MAXWELL SOLVER ***
Initial residual: 0.0631061 norm b vector (source) = 0.0698467
GMRES converged at restart # 0; iteration #8 with error: 0.000991136
*** B CALCULATION ***
 ======= Cycle 4 ======= 
*** E CALCULATION ***
*** MAXWELL SOLVER ***
Initial residual: 0.0451653 norm b vector (source) = 0.0661024
GMRES converged at restart # 0; iteration #9 with error: 0.000790898
*** B CALCULATION ***
 ======= Cycle 5 ======= 
*** E CALCULATION ***
*** MAXWELL SOLVER ***
Initial residual: 0.0469389 norm b vector (source) = 0.0667195
GMRES converged at restart # 0; iteration #9 with error: 0.00075307
*** B CALCULATION ***
 ======= Cycle 6 ======= 
*** E CALCULATION ***
*** MAXWELL SOLVER ***
Initial residual: 0.0496519 norm b vector (source) = 0.074368
GMRES converged at restart # 0; iteration #9 with error: 0.000711403
*** B CALCULATION ***
 ======= Cycle 7 ======= 
*** E CALCULATION ***
*** MAXWELL SOLVER ***
Initial residual: 0.0500916 norm b vector (source) = 0.0828452
GMRES converged at restart # 0; iteration #9 with error: 0.000607085
*** B CALCULATION ***
 ======= Cycle 8 ======= 
*** E CALCULATION ***
*** MAXWELL SOLVER ***
Initial residual: 0.0525391 norm b vector (source) = 0.0874697
GMRES converged at restart # 0; iteration #9 with error: 0.000538233
*** B CALCULATION ***
 ======= Cycle 9 ======= 
*** E CALCULATION ***
*** MAXWELL SOLVER ***
Initial residual: 0.055091 norm b vector (source) = 0.0893595
GMRES converged at restart # 0; iteration #9 with error: 0.000497929
*** B CALCULATION ***
 ======= Cycle 10 ======= 
*** E CALCULATION ***
*** MAXWELL SOLVER ***
Initial residual: 0.0564838 norm b vector (source) = 0.0895544
GMRES converged at restart # 0; iteration #8 with error: 0.000981105
*** B CALCULATION ***
 ======= Cycle 11 ======= 
*** E CALCULATION ***
*** MAXWELL SOLVER ***
Initial residual: 0.0574282 norm b vector (source) = 0.0885794
GMRES converged at restart # 0; iteration #8 with error: 0.000944794
*** B CALCULATION ***
 ======= Cycle 12 ======= 
*** E CALCULATION ***
*** MAXWELL SOLVER ***
Initial residual: 0.058261 norm b vector (source) = 0.0871452
GMRES converged at restart # 0; iteration #8 with error: 0.000946235
*** B CALCULATION ***
 ======= Cycle 13 ======= 
*** E CALCULATION ***
*** MAXWELL SOLVER ***
Initial residual: 0.0590175 norm b vector (source) = 0.0858897
GMRES converged at restart # 0; iteration #8 with error: 0.000956916
*** B CALCULATION ***
 ======= Cycle 14 ======= 
*** E CALCULATION ***
*** MAXWELL SOLVER ***
Initial residual: 0.0598904 norm b vector (source) = 0.0852116
GMRES converged at restart # 0; iteration #8 with error: 0.000978288
*** B CALCULATION ***
 ======= Cycle 15 ======= 
*** E CALCULATION ***
*** MAXWELL SOLVER ***
Initial residual: 0.0608421 norm b vector (source) = 0.0850853
GMRES converged at restart # 0; iteration #9 with error: 0.000475527
*** B CALCULATION ***
 ======= Cycle 16 ======= 
*** E CALCULATION ***
*** MAXWELL SOLVER ***
Initial residual: 0.0617788 norm b vector (source) = 0.0852798
GMRES converged at restart # 0; iteration #9 with error: 0.00049461
*** B CALCULATION ***
 ======= Cycle 17 ======= 
*** E CALCULATION ***
*** MAXWELL SOLVER ***
Initial residual: 0.0626918 norm b vector (source) = 0.085657
GMRES converged at restart # 0; iteration #9 with error: 0.000500765
*** B CALCULATION ***
 ======= Cycle 18 ======= 
*** E CALCULATION ***
*** MAXWELL SOLVER ***
Initial residual: 0.0635244 norm b vector (source) = 0.086163
GMRES converged at restart # 0; iteration #9 with error: 0.000501778
*** B CALCULATION ***
 ======= Cycle 19 ======= 
*** E CALCULATION ***
*** MAXWELL SOLVER ***
Initial residual: 0.0642996 norm b vector (source) = 0.0868598
GMRES converged at restart # 0; iteration #9 with error: 0.000484684
*** B CALCULATION ***
 ======= Cycle 20 ======= 
*** E CALCULATION ***
*** MAXWELL SOLVER ***
Initial residual: 0.0649609 norm b vector (source) = 0.0876808
GMRES converged at restart # 0; iteration #8 with error: 0.000956152
*** B CALCULATION ***
 ======= Cycle 21 ======= 
*** E CALCULATION ***
*** MAXWELL SOLVER ***
Initial residual: 0.0655338 norm b vector (source) = 0.0885233
GMRES converged at restart # 0; iteration #8 with error: 0.000885318
*** B CALCULATION ***
 ======= Cycle 22 ======= 
*** E CALCULATION ***
*** MAXWELL SOLVER ***
Initial residual: 0.0660259 norm b vector (source) = 0.0892266
GMRES converged at restart # 0; iteration #8 with error: 0.000840732
*** B CALCULATION ***
 ======= Cycle 23 ======= 
*** E CALCULATION ***
*** MAXWELL SOLVER ***
Initial residual: 0.0665081 norm b vector (source) = 0.0897559
GMRES converged at restart # 0; iteration #8 with error: 0.000800705
*** B CALCULATION ***
 ======= Cycle 24 ======= 
*** E CALCULATION ***
*** MAXWELL SOLVER ***
Initial residual: 0.0669901 norm b vector (source) = 0.0901174
GMRES converged at restart # 0; iteration #8 with error: 0.000773628
*** B CALCULATION ***
 ======= Cycle 25 ======= 
*** E CALCULATION ***
*** MAXWELL SOLVER ***
Initial residual: 0.0674503 norm b vector (source) = 0.0903337
GMRES converged at restart # 0; iteration #8 with error: 0.000759619
*** B CALCULATION ***
 ======= Cycle 26 ======= 
*** E CALCULATION ***
*** MAXWELL SOLVER ***
Initial residual: 0.067933 norm b vector (source) = 0.0905171
GMRES converged at restart # 0; iteration #8 with error: 0.000761937
*** B CALCULATION ***
 ======= Cycle 27 ======= 
*** E CALCULATION ***
*** MAXWELL SOLVER ***
Initial residual: 0.0683957 norm b vector (source) = 0.0907084
GMRES converged at restart # 0; iteration #8 with error: 0.00075663
*** B CALCULATION ***
 ======= Cycle 28 ======= 
*** E CALCULATION ***
*** MAXWELL SOLVER ***
Initial residual: 0.068817 norm b vector (source) = 0.0909239
GMRES converged at restart # 0; iteration #8 with error: 0.000778353
*** B CALCULATION ***
 ======= Cycle 29 ======= 
*** E CALCULATION ***
*** MAXWELL SOLVER ***
Initial residual: 0.0691671 norm b vector (source) = 0.0911286
GMRES converged at restart # 0; iteration #8 with error: 0.000794293
*** B CALCULATION ***
 ======= Cycle 30 ======= 
*** E CALCULATION ***
*** MAXWELL SOLVER ***
Initial residual: 0.0695226 norm b vector (source) = 0.0913912
GMRES converged at restart # 0; iteration #8 with error: 0.000821821
*** B CALCULATION ***
 ======= Cycle 31 ======= 
*** E CALCULATION ***
*** MAXWELL SOLVER ***
Initial residual: 0.0698643 norm b vector (source) = 0.0917055
GMRES converged at restart # 0; iteration #8 with error: 0.000844292
*** B CALCULATION ***
 ======= Cycle 32 ======= 
*** E CALCULATION ***
*** MAXWELL SOLVER ***
Initial residual: 0.0702353 norm b vector (source) = 0.0921032
GMRES converged at restart # 0; iteration #8 with error: 0.000838152
*** B CALCULATION ***
 ======= Cycle 33 ======= 
*** E CALCULATION ***
*** MAXWELL SOLVER ***
Initial residual: 0.0705264 norm b vector (source) = 0.092447
GMRES converged at restart # 0; iteration #8 with error: 0.000839456
*** B CALCULATION ***
 ======= Cycle 34 ======= 
*** E CALCULATION ***
*** MAXWELL SOLVER ***
Initial residual: 0.0708044 norm b vector (source) = 0.0927701
GMRES converged at restart # 0; iteration #8 with error: 0.000834153
*** B CALCULATION ***
 ======= Cycle 35 ======= 
*** E CALCULATION ***
*** MAXWELL SOLVER ***
Initial residual: 0.0710948 norm b vector (source) = 0.093133
GMRES converged at restart # 0; iteration #8 with error: 0.000805793
*** B CALCULATION ***
 ======= Cycle 36 ======= 
*** E CALCULATION ***
*** MAXWELL SOLVER ***
Initial residual: 0.071381 norm b vector (source) = 0.093548
GMRES converged at restart # 0; iteration #8 with error: 0.000773491
*** B CALCULATION ***
 ======= Cycle 37 ======= 
*** E CALCULATION ***
*** MAXWELL SOLVER ***
Initial residual: 0.0718024 norm b vector (source) = 0.0941484
GMRES converged at restart # 0; iteration #8 with error: 0.00073943
*** B CALCULATION ***
 ======= Cycle 38 ======= 
*** E CALCULATION ***
*** MAXWELL SOLVER ***
Initial residual: 0.0723232 norm b vector (source) = 0.0948817
GMRES converged at restart # 0; iteration #8 with error: 0.000742346
*** B CALCULATION ***
 ======= Cycle 39 ======= 
*** E CALCULATION ***
*** MAXWELL SOLVER ***
Initial residual: 0.0728554 norm b vector (source) = 0.0955945
GMRES converged at restart # 0; iteration #8 with error: 0.00073504
*** B CALCULATION ***
 ======= Cycle 40 ======= 
*** E CALCULATION ***
*** MAXWELL SOLVER ***
Initial residual: 0.0734095 norm b vector (source) = 0.0962606
GMRES converged at restart # 0; iteration #8 with error: 0.000741953
*** B CALCULATION ***
 ======= Cycle 41 ======= 
*** E CALCULATION ***
*** MAXWELL SOLVER ***
Initial residual: 0.0740276 norm b vector (source) = 0.0969223
GMRES converged at restart # 0; iteration #8 with error: 0.000745154
*** B CALCULATION ***
 ======= Cycle 42 ======= 
*** E CALCULATION ***
*** MAXWELL SOLVER ***
Initial residual: 0.0746842 norm b vector (source) = 0.0975821
GMRES converged at restart # 0; iteration #8 with error: 0.000757945
*** B CALCULATION ***
 ======= Cycle 43 ======= 
*** E CALCULATION ***
*** MAXWELL SOLVER ***
Initial residual: 0.075363 norm b vector (source) = 0.098265
GMRES converged at restart # 0; iteration #8 with error: 0.000783099
*** B CALCULATION ***
 ======= Cycle 44 ======= 
*** E CALCULATION ***
*** MAXWELL SOLVER ***
Initial residual: 0.0760165 norm b vector (source) = 0.0989478
GMRES converged at restart # 0; iteration #8 with error: 0.000821318
*** B CALCULATION ***
 ======= Cycle 45 ======= 
*** E CALCULATION ***
*** MAXWELL SOLVER ***
Initial residual: 0.0765328 norm b vector (source) = 0.0995035
GMRES converged at restart # 0; iteration #8 with error: 0.000837916
*** B CALCULATION ***
 ======= Cycle 46 ======= 
*** E CALCULATION ***
*** MAXWELL SOLVER ***
Initial residual: 0.0769196 norm b vector (source) = 0.0998914
GMRES converged at restart # 0; iteration #8 with error: 0.000840609
*** B CALCULATION ***
 ======= Cycle 47 ======= 
*** E CALCULATION ***
*** MAXWELL SOLVER ***
Initial residual: 0.0772186 norm b vector (source) = 0.100139
GMRES converged at restart # 0; iteration #8 with error: 0.000867214
*** B CALCULATION ***
 ======= Cycle 48 ======= 
*** E CALCULATION ***
*** MAXWELL SOLVER ***
Initial residual: 0.0774775 norm b vector (source) = 0.100309
GMRES converged at restart # 0; iteration #8 with error: 0.000840077
*** B CALCULATION ***
 ======= Cycle 49 ======= 
*** E CALCULATION ***
*** MAXWELL SOLVER ***
Initial residual: 0.0777183 norm b vector (source) = 0.100448
GMRES converged at restart # 0; iteration #8 with error: 0.000814882
*** B CALCULATION ***
 ======= Cycle 50 ======= 
*** E CALCULATION ***
*** MAXWELL SOLVER ***
Initial residual: 0.0779536 norm b vector (source) = 0.100585
GMRES converged at restart # 0; iteration #8 with error: 0.000808624
*** B CALCULATION ***
 ======= Cycle 51 ======= 
*** E CALCULATION ***
*** MAXWELL SOLVER ***
Initial residual: 0.0781387 norm b vector (source) = 0.100682
GMRES converged at restart # 0; iteration #8 with error: 0.000787319
*** B CALCULATION ***
 ======= Cycle 52 ======= 
*** E CALCULATION ***
*** MAXWELL SOLVER ***
Initial residual: 0.0783189 norm b vector (source) = 0.10078
GMRES converged at restart # 0; iteration #8 with error: 0.000759274
*** B CALCULATION ***
 ======= Cycle 53 ======= 
*** E CALCULATION ***
*** MAXWELL SOLVER ***
Initial residual: 0.0784937 norm b vector (source) = 0.100883
GMRES converged at restart # 0; iteration #8 with error: 0.000771245
*** B CALCULATION ***
 ======= Cycle 54 ======= 
*** E CALCULATION ***
*** MAXWELL SOLVER ***
Initial residual: 0.0787248 norm b vector (source) = 0.101053
GMRES converged at restart # 0; iteration #8 with error: 0.000732928
*** B CALCULATION ***
 ======= Cycle 55 ======= 
*** E CALCULATION ***
*** MAXWELL SOLVER ***
Initial residual: 0.0789427 norm b vector (source) = 0.101236
GMRES converged at restart # 0; iteration #8 with error: 0.000709675
*** B CALCULATION ***
 ======= Cycle 56 ======= 
*** E CALCULATION ***
*** MAXWELL SOLVER ***
Initial residual: 0.0791263 norm b vector (source) = 0.101396
GMRES converged at restart # 0; iteration #8 with error: 0.000744557
*** B CALCULATION ***
 ======= Cycle 57 ======= 
*** E CALCULATION ***
*** MAXWELL SOLVER ***
Initial residual: 0.0793232 norm b vector (source) = 0.101568
GMRES converged at restart # 0; iteration #8 with error: 0.000749621
*** B CALCULATION ***
 ======= Cycle 58 ======= 
*** E CALCULATION ***
*** MAXWELL SOLVER ***
Initial residual: 0.0795115 norm b vector (source) = 0.101739
GMRES converged at restart # 0; iteration #8 with error: 0.000749891
*** B CALCULATION ***
 ======= Cycle 59 ======= 
*** E CALCULATION ***
*** MAXWELL SOLVER ***
Initial residual: 0.0797018 norm b vector (source) = 0.101917
GMRES converged at restart # 0; iteration #8 with error: 0.000778315
*** B CALCULATION ***
 ======= Cycle 60 ======= 
*** E CALCULATION ***
*** MAXWELL SOLVER ***
Initial residual: 0.0799391 norm b vector (source) = 0.102135
GMRES converged at restart # 0; iteration #8 with error: 0.000761794
*** B CALCULATION ***
 ======= Cycle 61 ======= 
*** E CALCULATION ***
*** MAXWELL SOLVER ***
Initial residual: 0.0801969 norm b vector (source) = 0.102374
GMRES converged at restart # 0; iteration #8 with error: 0.000733281
*** B CALCULATION ***
 ======= Cycle 62 ======= 
*** E CALCULATION ***
*** MAXWELL SOLVER ***
Initial residual: 0.0805033 norm b vector (source) = 0.102662
GMRES converged at restart # 0; iteration #8 with error: 0.000753777
*** B CALCULATION ***
 ======= Cycle 63 ======= 
*** E CALCULATION ***
*** MAXWELL SOLVER ***
Initial residual: 0.0807749 norm b vector (source) = 0.102926
GMRES converged at restart # 0; iteration #8 with error: 0.000753619
*** B CALCULATION ***
 ======= Cycle 64 ======= 
*** E CALCULATION ***
*** MAXWELL SOLVER ***
Initial residual: 0.0810045 norm b vector (source) = 0.103153
GMRES converged at restart # 0; iteration #8 with error: 0.00074385
*** B CALCULATION ***
 ======= Cycle 65 ======= 
*** E CALCULATION ***
*** MAXWELL SOLVER ***
Initial residual: 0.0812295 norm b vector (source) = 0.103372
GMRES converged at restart # 0; iteration #8 with error: 0.000742159
*** B CALCULATION ***
 ======= Cycle 66 ======= 
*** E CALCULATION ***
*** MAXWELL SOLVER ***
Initial residual: 0.0814751 norm b vector (source) = 0.103607
GMRES converged at restart # 0; iteration #8 with error: 0.00072031
*** B CALCULATION ***
 ======= Cycle 67 ======= 
*** E CALCULATION ***
*** MAXWELL SOLVER ***
Initial residual: 0.0816987 norm b vector (source) = 0.103815
GMRES converged at restart # 0; iteration #8 with error: 0.000710848
*** B CALCULATION ***
 ======= Cycle 68 ======= 
*** E CALCULATION ***
*** MAXWELL SOLVER ***
Initial residual: 0.0819023 norm b vector (source) = 0.104011
GMRES converged at restart # 0; iteration #8 with error: 0.000747122
*** B CALCULATION ***
 ======= Cycle 69 ======= 
*** E CALCULATION ***
*** MAXWELL SOLVER ***
Initial residual: 0.0821622 norm b vector (source) = 0.104275
GMRES converged at restart # 0; iteration #8 with error: 0.000744922
*** B CALCULATION ***
 ======= Cycle 70 ======= 
*** E CALCULATION ***
*** MAXWELL SOLVER ***
Initial residual: 0.082338 norm b vector (source) = 0.104468
GMRES converged at restart # 0; iteration #8 with error: 0.000736389
*** B CALCULATION ***
 ======= Cycle 71 ======= 
*** E CALCULATION ***
*** MAXWELL SOLVER ***
Initial residual: 0.0825403 norm b vector (source) = 0.104674
GMRES converged at restart # 0; iteration #8 with error: 0.000753604
*** B CALCULATION ***
 ======= Cycle 72 ======= 
*** E CALCULATION ***
*** MAXWELL SOLVER ***
Initial residual: 0.0826894 norm b vector (source) = 0.104834
GMRES converged at restart # 0; iteration #8 with error: 0.000750877
*** B CALCULATION ***
 ======= Cycle 73 ======= 
*** E CALCULATION ***
*** MAXWELL SOLVER ***
Initial residual: 0.0829378 norm b vector (source) = 0.105071
GMRES converged at restart # 0; iteration #8 with error: 0.000765143
*** B CALCULATION ***
 ======= Cycle 74 ======= 
*** E CALCULATION ***
*** MAXWELL SOLVER ***
Initial residual: 0.0832824 norm b vector (source) = 0.105405
GMRES converged at restart # 0; iteration #8 with error: 0.000791942
*** B CALCULATION ***
 ======= Cycle 75 ======= 
*** E CALCULATION ***
*** MAXWELL SOLVER ***
Initial residual: 0.0836631 norm b vector (source) = 0.105801
GMRES converged at restart # 0; iteration #8 with error: 0.000773253
*** B CALCULATION ***
 ======= Cycle 76 ======= 
*** E CALCULATION ***
*** MAXWELL SOLVER ***
Initial residual: 0.0840585 norm b vector (source) = 0.106234
GMRES converged at restart # 0; iteration #8 with error: 0.000741796
*** B CALCULATION ***
 ======= Cycle 77 ======= 
*** E CALCULATION ***
*** MAXWELL SOLVER ***
Initial residual: 0.084406 norm b vector (source) = 0.10663
GMRES converged at restart # 0; iteration #8 with error: 0.000755021
*** B CALCULATION ***
 ======= Cycle 78 ======= 
*** E CALCULATION ***
*** MAXWELL SOLVER ***
Initial residual: 0.0847184 norm b vector (source) = 0.106991
GMRES converged at restart # 0; iteration #8 with error: 0.000759649
*** B CALCULATION ***
 ======= Cycle 79 ======= 
*** E CALCULATION ***
*** MAXWELL SOLVER ***
Initial residual: 0.0850021 norm b vector (source) = 0.107325
GMRES converged at restart # 0; iteration #8 with error: 0.000760526
*** B CALCULATION ***
 ======= Cycle 80 ======= 
*** E CALCULATION ***
*** MAXWELL SOLVER ***
Initial residual: 0.0852542 norm b vector (source) = 0.107627
GMRES converged at restart # 0; iteration #8 with error: 0.000757274
*** B CALCULATION ***
 ======= Cycle 81 ======= 
*** E CALCULATION ***
*** MAXWELL SOLVER ***
Initial residual: 0.0854564 norm b vector (source) = 0.107873
GMRES converged at restart # 0; iteration #8 with error: 0.000742895
*** B CALCULATION ***
 ======= Cycle 82 ======= 
*** E CALCULATION ***
*** MAXWELL SOLVER ***
Initial residual: 0.0856674 norm b vector (source) = 0.108111
GMRES converged at restart # 0; iteration #8 with error: 0.000760003
*** B CALCULATION ***
 ======= Cycle 83 ======= 
*** E CALCULATION ***
*** MAXWELL SOLVER ***
Initial residual: 0.0858122 norm b vector (source) = 0.108269
GMRES converged at restart # 0; iteration #8 with error: 0.000787769
*** B CALCULATION ***
 ======= Cycle 84 ======= 
*** E CALCULATION ***
*** MAXWELL SOLVER ***
Initial residual: 0.0859472 norm b vector (source) = 0.108394
GMRES converged at restart # 0; iteration #8 with error: 0.000786484
*** B CALCULATION ***
 ======= Cycle 85 ======= 
*** E CALCULATION ***
*** MAXWELL SOLVER ***
Initial residual: 0.0860634 norm b vector (source) = 0.108495
GMRES converged at restart # 0; iteration #8 with error: 0.00076004
*** B CALCULATION ***
 ======= Cycle 86 ======= 
*** E CALCULATION ***
*** MAXWELL SOLVER ***
Initial residual: 0.086113 norm b vector (source) = 0.108528
GMRES converged at restart # 0; iteration #8 with error: 0.000742865
*** B CALCULATION ***
 ======= Cycle 87 ======= 
*** E CALCULATION ***
*** MAXWELL SOLVER ***
Initial residual: 0.0861253 norm b vector (source) = 0.108512
GMRES converged at restart # 0; iteration #8 with error: 0.000750886
*** B CALCULATION ***
 ======= Cycle 88 ======= 
*** E CALCULATION ***
*** MAXWELL SOLVER ***
Initial residual: 0.0861145 norm b vector (source) = 0.108461
GMRES converged at restart # 0; iteration #8 with error: 0.00076948
*** B CALCULATION ***
 ======= Cycle 89 ======= 
*** E CALCULATION ***
*** MAXWELL SOLVER ***
Initial residual: 0.0861308 norm b vector (source) = 0.108427
GMRES converged at restart # 0; iteration #8 with error: 0.00078992
*** B CALCULATION ***
 ======= Cycle 90 ======= 
*** E CALCULATION ***
*** MAXWELL SOLVER ***
Initial residual: 0.0861526 norm b vector (source) = 0.108416
GMRES converged at restart # 0; iteration #8 with error: 0.000750645
*** B CALCULATION ***
 ======= Cycle 91 ======= 
*** E CALCULATION ***
*** MAXWELL SOLVER ***
Initial residual: 0.0861371 norm b vector (source) = 0.108382
GMRES converged at restart # 0; iteration #8 with error: 0.000706144
*** B CALCULATION ***
 ======= Cycle 92 ======= 
*** E CALCULATION ***
*** MAXWELL SOLVER ***
Initial residual: 0.0861307 norm b vector (source) = 0.108354
GMRES converged at restart # 0; iteration #8 with error: 0.000702103
*** B CALCULATION ***
 ======= Cycle 93 ======= 
*** E CALCULATION ***
*** MAXWELL SOLVER ***
Initial residual: 0.0860625 norm b vector (source) = 0.108258
GMRES converged at restart # 0; iteration #8 with error: 0.000710072
*** B CALCULATION ***
 ======= Cycle 94 ======= 
*** E CALCULATION ***
*** MAXWELL SOLVER ***
Initial residual: 0.0860232 norm b vector (source) = 0.108168
GMRES converged at restart # 0; iteration #8 with error: 0.000733361
*** B CALCULATION ***
 ======= Cycle 95 ======= 
*** E CALCULATION ***
*** MAXWELL SOLVER ***
Initial residual: 0.0860195 norm b vector (source) = 0.108118
GMRES converged at restart # 0; iteration #8 with error: 0.000744449
*** B CALCULATION ***
 ======= Cycle 96 ======= 
*** E CALCULATION ***
*** MAXWELL SOLVER ***
Initial residual: 0.0860248 norm b vector (source) = 0.108083
GMRES converged at restart # 0; iteration #8 with error: 0.000730848
*** B CALCULATION ***
 ======= Cycle 97 ======= 
*** E CALCULATION ***
*** MAXWELL SOLVER ***
Initial residual: 0.0860605 norm b vector (source) = 0.108079
GMRES converged at restart # 0; iteration #8 with error: 0.000733074
*** B CALCULATION ***
 ======= Cycle 98 ======= 
*** E CALCULATION ***
*** MAXWELL SOLVER ***
Initial residual: 0.0861048 norm b vector (source) = 0.108098
GMRES converged at restart # 0; iteration #8 with error: 0.000734568
*** B CALCULATION ***
 ======= Cycle 99 ======= 
*** E CALCULATION ***
*** MAXWELL SOLVER ***
Initial residual: 0.0862422 norm b vector (source) = 0.108228
GMRES converged at restart # 0; iteration #8 with error: 0.000742654
*** B CALCULATION ***


*** SIMULATION ENDED SUCESSFULLY ***
 Simulation Time: 41.7826 sec (0.0116063 hours)
***


#################################################################
#                                                               #
#            CrayPat-lite Performance Statistics                #
#                                                               #
#################################################################

CrayPat/X:  Version 22.06.0 Revision 4b5ab6256  05/21/22 02:03:49
Experiment:                  lite  lite-samples  
Number of PEs (MPI ranks):    256
Numbers of PEs per Node:      128  PEs on each of  2  Nodes
Numbers of Threads per PE:      1
Number of Cores per Socket:    64
Execution start time:  Sun May 28 05:34:11 2023
System name and speed:  nid001529  3.377 GHz (nominal)
AMD   Rome                 CPU  Family: 23  Model: 49  Stepping:  0
Core Performance Boost:  All 256 PEs have CPB capability



Avg Process Time:     42.05 secs              
High Memory:       40,652.8 MiBytes     158.8 MiBytes per PE
I/O Read Rate:     0.306341 MiBytes/sec       
I/O Write Rate:   26.161835 MiBytes/sec       

Notes for table 1:

  This table shows functions that have significant exclusive sample
    hits, averaged across ranks.
  For further explanation, use:  pat_report -v -O samp_profile ...

Table 1:  Profile by Function

  Samp% |    Samp |  Imb. |  Imb. | Group
        |         |  Samp | Samp% |  Function=[MAX10]
        |         |       |       |   PE=HIDE
       
 100.0% | 4,100.9 |    -- |    -- | Total
|----------------------------------------------------------------------
|  80.8% | 3,313.1 |    -- |    -- | USER
||---------------------------------------------------------------------
||  39.0% | 1,597.5 | 139.5 |  8.1% | Particles3D::mover_PC_AoS
||  17.6% |   722.7 |  30.3 |  4.0% | EMfields3D::sumMoments_AoS
||   2.6% |   106.0 |  28.0 | 21.0% | Grid3DCU::get_safe_cell_and_weights
||   2.2% |    90.6 |  34.4 | 27.6% | get_field_components_for_cell
||   1.5% |    60.8 |  18.2 | 23.2% | EMfields3D::MUdot
||   1.5% |    59.6 |  20.4 | 25.7% | iPic3D::const_array_ref3<>::getidx
||=====================================================================
|  13.9% |   571.9 |    -- |    -- | MPI
||---------------------------------------------------------------------
||   3.7% |   150.5 | 118.5 | 44.2% | MPI_Allreduce
||   3.7% |   150.2 |  61.8 | 29.2% | MPI_Waitall
||   3.5% |   142.9 | 153.1 | 51.9% | MPI_Waitany
||=====================================================================
|   5.2% |   214.2 |    -- |    -- | ETC
||---------------------------------------------------------------------
||   4.8% |   195.9 |  25.1 | 11.4% | __cray_memcpy_ROME
|======================================================================

Notes for table 2:

  This table shows functions, and line numbers within functions, that
    have significant exclusive sample hits, averaged across ranks.
  For further explanation, use:  pat_report -v -O samp_profile+src ...

Table 2:  Profile by Group, Function, and Line

  Samp% |    Samp |  Imb. |  Imb. | Group
        |         |  Samp | Samp% |  Function=[MAX10]
        |         |       |       |   Source
        |         |       |       |    Line
        |         |       |       |     PE=HIDE
       
 100.0% | 4,100.9 |    -- |    -- | Total
|---------------------------------------------------------------------------
|  80.8% | 3,313.1 |    -- |    -- | USER
||--------------------------------------------------------------------------
||  39.0% | 1,597.5 |    -- |    -- | Particles3D::mover_PC_AoS
3|        |         |       |       |  Private/iPIC3D/particles/Particles3D.cpp
||||------------------------------------------------------------------------
4|||   1.4% |    58.1 |  20.9 | 26.6% | line.687
4|||   4.5% |   183.4 |  36.6 | 16.7% | line.711
4|||   8.3% |   340.2 |  61.8 | 15.4% | line.725
4|||  16.6% |   682.7 |  99.3 | 12.7% | line.727
4|||   1.3% |    53.2 |  22.8 | 30.1% | line.736
4|||   1.1% |    44.7 |  21.3 | 32.3% | line.753
||||========================================================================
||  17.6% |   722.7 |    -- |    -- | EMfields3D::sumMoments_AoS
3|        |         |       |       |  Private/iPIC3D/fields/EMfields3D.cpp
||||------------------------------------------------------------------------
4|||   5.0% |   203.9 |  37.1 | 15.4% | line.944
4|||   6.7% |   276.7 |  37.3 | 11.9% | line.946
||||========================================================================
||   2.6% |   106.0 |    -- |    -- | Grid3DCU::get_safe_cell_and_weights
3|        |         |       |       |  Private/iPIC3D/include/Grid3DCU.h
||   2.2% |    90.6 |    -- |    -- | get_field_components_for_cell
3|        |         |       |       |  Private/iPIC3D/include/EMfields3D.h
||   1.5% |    60.8 |    -- |    -- | EMfields3D::MUdot
3|        |         |       |       |  Private/iPIC3D/fields/EMfields3D.cpp
||   1.5% |    59.6 |  20.4 | 25.7% | iPic3D::const_array_ref3<>::getidx
3|        |         |       |       |  Private/iPIC3D/include/Alloc.h
4|        |         |       |       |   line.642
||==========================================================================
|  13.9% |   571.9 |    -- |    -- | MPI
||--------------------------------------------------------------------------
||   3.7% |   150.5 | 118.5 | 44.2% | MPI_Allreduce
||   3.7% |   150.2 |  61.8 | 29.2% | MPI_Waitall
||   3.5% |   142.9 | 153.1 | 51.9% | MPI_Waitany
||==========================================================================
|   5.2% |   214.2 |    -- |    -- | ETC
||--------------------------------------------------------------------------
||   4.8% |   195.9 |  25.1 | 11.4% | __cray_memcpy_ROME
|===========================================================================

Notes for table 3:

  This table shows memory traffic for numa nodes, taking for each numa
    node the maximum value across nodes. It also shows the balance in
    memory traffic by showing the top 3 and bottom 3 node values.
  For further explanation, use:  pat_report -v -O mem_bw ...

Table 3:  Memory Bandwidth by Numanode

   Memory |     Read |    Write |    Thread |  Memory |  Memory | Numanode
  Traffic |   Memory |   Memory |      Time | Traffic | Traffic |  Node Id
   GBytes |  Traffic |  Traffic |           |  GBytes |       / |   PE=HIDE
          |   GBytes |   GBytes |           |   / Sec | Nominal | 
          |          |          |           |         |    Peak | 
|---------------------------------------------------------------------------
|   182.96 |   161.80 |    21.16 | 41.999559 |    4.36 |    2.1% | numanode.0
||--------------------------------------------------------------------------
||   183.91 |   162.44 |    21.46 | 41.999559 |    4.38 |    2.1% | nid.1
||   182.22 |   161.80 |    20.42 | 41.994237 |    4.34 |    2.1% | nid.0
||==========================================================================
|   180.97 |   159.58 |    21.39 | 42.000812 |    4.31 |    2.1% | numanode.1
||--------------------------------------------------------------------------
||   181.38 |   159.50 |    21.88 | 42.000812 |    4.32 |    2.1% | nid.1
||   180.21 |   159.65 |    20.56 | 41.995023 |    4.29 |    2.1% | nid.0
||==========================================================================
|   180.26 |   159.94 |    20.32 | 42.001329 |    4.29 |    2.1% | numanode.2
||--------------------------------------------------------------------------
||   180.22 |   160.30 |    19.92 | 42.001329 |    4.29 |    2.1% | nid.1
||   179.25 |   158.99 |    20.26 | 41.994203 |    4.27 |    2.1% | nid.0
||==========================================================================
|   183.72 |   160.07 |    23.66 | 42.000449 |    4.37 |    2.1% | numanode.3
||--------------------------------------------------------------------------
||   183.72 |   160.07 |    23.66 | 42.000449 |    4.37 |    2.1% | nid.1
||   181.12 |   160.94 |    20.18 | 41.991329 |    4.31 |    2.1% | nid.0
||==========================================================================
|   181.60 |   161.17 |    20.43 | 41.999109 |    4.32 |    2.1% | numanode.4
||--------------------------------------------------------------------------
||   182.94 |   162.30 |    20.64 | 41.999109 |    4.36 |    2.1% | nid.1
||   180.69 |   160.62 |    20.07 | 41.995207 |    4.30 |    2.1% | nid.0
||==========================================================================
|   182.22 |   159.63 |    22.59 | 41.998086 |    4.34 |    2.1% | numanode.5
||--------------------------------------------------------------------------
||   182.22 |   159.63 |    22.59 | 41.994779 |    4.34 |    2.1% | nid.0
||   179.05 |   159.12 |    19.93 | 41.998086 |    4.26 |    2.1% | nid.1
||==========================================================================
|   179.59 |   159.60 |    19.98 | 41.999676 |    4.28 |    2.1% | numanode.6
||--------------------------------------------------------------------------
||   180.31 |   160.03 |    20.28 | 41.994462 |    4.29 |    2.1% | nid.0
||   179.60 |   159.71 |    19.90 | 41.999676 |    4.28 |    2.1% | nid.1
||==========================================================================
|   182.20 |   160.92 |    21.28 | 41.998649 |    4.34 |    2.1% | numanode.7
||--------------------------------------------------------------------------
||   181.88 |   161.45 |    20.43 | 41.993925 |    4.33 |    2.1% | nid.0
||   181.66 |   160.39 |    21.27 | 41.998649 |    4.33 |    2.1% | nid.1
|===========================================================================

Notes for table 4:

  This table shows energy and power usage for the nodes with the
    maximum, mean, and minimum usage, as well as the sum of usage over
    all nodes.
    Energy and power for accelerators is also shown, if applicable.
  For further explanation, use:  pat_report -v -O program_energy ...

Table 4:  Program energy and power usage (from Cray PM)

   Node |      Node |   Process | Node Id
 Energy | Power (W) |      Time |  PE=HIDE
    (J) |           |           | 
       
 48,539 | 1,154.232 | 42.053073 | Total
|-----------------------------------------
| 24,585 |   584.646 | 42.051069 | nid.0
| 23,954 |   569.586 | 42.055077 | nid.1
|=========================================

Notes for table 5:

  This table show the average time and number of bytes read from each
    input file, taking the average over the number of ranks that read
    from the file.  It also shows the number of read operations, and
    average rates.
  For further explanation, use:  pat_report -v -O read_stats ...

Table 5:  File Input Stats by Filename

 Avg Read | Avg Read |   Read Rate | Number |    Avg |   Bytes/ | File Name=!x/^/(proc|sys)/
 Time per |  MiBytes | MiBytes/sec |     of |  Reads |     Call |  PE=HIDE
   Reader |      per |             | Reader |    per |          | 
     Rank |   Reader |             |  Ranks | Reader |          | 
          |     Rank |             |        |   Rank |          | 
|-----------------------------------------------------------------------------
| 0.014404 | 0.004413 |    0.306341 |    256 |    2.0 | 2,313.50 | ../inputfiles/testGEM3Dsmall_256.inp
|=============================================================================

Notes for table 6:

  This table show the average time and number of bytes written to each
    output file, taking the average over the number of ranks that
    wrote to the file.  It also shows the number of write operations,
    and average rates.
  For further explanation, use:  pat_report -v -O write_stats ...

Table 6:  File Output Stats by Filename

      Avg |      Avg |   Write Rate | Number |     Avg |     Bytes/ | File Name=!x/^/(proc|sys)/
    Write |    Write |  MiBytes/sec |     of |  Writes |       Call |  PE=HIDE
 Time per |  MiBytes |              | Writer |     per |            | 
   Writer |      per |              |  Ranks |  Writer |            | 
     Rank |   Writer |              |        |    Rank |            | 
          |     Rank |              |        |         |            | 
|-----------------------------------------------------------------------------
| 0.006030 | 0.007444 |     1.234358 |    256 |   133.6 |      58.41 | _UnknownFile_
| 0.003148 | 3.000180 |   953.055692 |      1 |     5.0 | 629,183.40 | data256/testGEM3D_B_0.vtk
| 0.002790 | 3.000179 | 1,075.382416 |      1 |     5.0 | 629,183.20 | data256/testGEM3D_Ji_0.vtk
| 0.002717 | 3.000184 | 1,104.388519 |      1 |     5.0 | 629,184.20 | data256/testGEM3D_Je_0.vtk
| 0.002687 | 3.000181 | 1,116.759953 |      1 |     5.0 | 629,183.60 | data256/testGEM3D_E_0.vtk
| 0.002558 | 1.000212 |   390.967023 |      1 |     3.0 | 349,599.33 | data256/testGEM3D_PXXe0_0.vtk
| 0.002521 | 0.023360 |     9.264824 |      1 | 1,131.0 |      21.66 | stdout
| 0.002170 | 1.000212 |   460.967844 |      1 |     3.0 | 349,599.33 | data256/testGEM3D_PZZe2_0.vtk
| 0.002059 | 1.000212 |   485.854058 |      1 |     3.0 | 349,599.33 | data256/testGEM3D_PYYe0_0.vtk
| 0.001880 | 1.000202 |   532.028661 |      1 |     3.0 | 349,596.00 | data256/testGEM3D_rhoi1_0.vtk
| 0.001824 | 1.000212 |   548.463320 |      1 |     3.0 | 349,599.33 | data256/testGEM3D_PXYe2_0.vtk
| 0.001808 | 1.000207 |   553.263523 |      1 |     3.0 | 349,597.67 | data256/testGEM3D_PYZi3_0.vtk
| 0.001720 | 1.000212 |   581.638487 |      1 |     3.0 | 349,599.33 | data256/testGEM3D_PZZe0_0.vtk
| 0.001663 | 1.000207 |   601.622087 |      1 |     3.0 | 349,597.67 | data256/testGEM3D_PXYi1_0.vtk
| 0.001638 | 1.000207 |   610.454772 |      1 |     3.0 | 349,597.67 | data256/testGEM3D_PZZi1_0.vtk
|=============================================================================

Table 7:  Lustre File Information

  10 of 35 files shown.

                            File Path |    Stripe | Stripe | Stripe | OST list
                                      |      size | offset |  count | 
------------------------------------------------------------------------------
 ../inputfiles/testGEM3Dsmall_256.inp | 1,048,576 |      0 |      1 | 22
           data256/SimulationData.txt | 1,048,576 |      0 |      1 | 1
      data256/ConservedQuantities.txt | 1,048,576 |      0 |      1 | 11
            data256/testGEM3D_B_0.vtk | 1,048,576 |      0 |      1 | 45
            data256/testGEM3D_E_0.vtk | 1,048,576 |      0 |      1 | 46
           data256/testGEM3D_Je_0.vtk | 1,048,576 |      0 |      1 | 35
           data256/testGEM3D_Ji_0.vtk | 1,048,576 |      0 |      1 | 39
        data256/testGEM3D_rhoe0_0.vtk | 1,048,576 |      0 |      1 | 0
        data256/testGEM3D_rhoi1_0.vtk | 1,048,576 |      0 |      1 | 12
        data256/testGEM3D_rhoe2_0.vtk | 1,048,576 |      0 |      1 | 16
==============================================================================
Program invocation:
  /cfs/klemming/home/p/perttuj/Private/iPIC3D/build/./iPIC3D ../inputfiles/testGEM3Dsmall_256.inp

For a complete report with expanded tables and notes, run:
  pat_report /cfs/klemming/home/p/perttuj/Private/iPIC3D/build/iPIC3D+187285-8607269s

For help identifying callers of particular functions:
  pat_report -O callers+src /cfs/klemming/home/p/perttuj/Private/iPIC3D/build/iPIC3D+187285-8607269s
To see the entire call tree:
  pat_report -O calltree+src /cfs/klemming/home/p/perttuj/Private/iPIC3D/build/iPIC3D+187285-8607269s

For interactive, graphical performance analysis, run:
  app2 /cfs/klemming/home/p/perttuj/Private/iPIC3D/build/iPIC3D+187285-8607269s

================  End of CrayPat-lite output  ==========================
