
Number of processes = 1024
-------------------------
Number of threads = 1
-------------------------

Virtual Cartesian Processors Topology
-------------------------------------
Processors grid: 16x8x8
Periodicity X: 1
Periodicity Y: 0
Periodicity Z: 1


Simulation Parameters
---------------------
Number of species    = 4
qom[0] = -64
qom[1] = 1
qom[2] = -64
qom[3] = 1
x-Length                 = 10
y-Length                 = 10
z-Length                 = 10
Number of cells (x)      = 64
Number of cells (y)      = 64
Number of cells (z)      = 64
Time step                = 0.15
Number of cycles         = 100
Results saved in  : data1024_weak
Case type         : GEM
Simulation name   : testGEM3D
Poisson correction: no
---------------------
Check Simulation Constraints
---------------------
Accuracy Constraint:  
u_th < dx/dt species 0.....OK
v_th < dy/dt species 0......OK
u_th < dx/dt species 1.....OK
v_th < dy/dt species 1......OK
u_th < dx/dt species 2.....OK
v_th < dy/dt species 2......OK
u_th < dx/dt species 3.....OK
v_th < dy/dt species 3......OK

Finite Grid Stability Constraint:  
WARNING. u_th*dt/dx (species 0) = 0.0432 < .1
WARNING. v_th*dt/dy (species 0) = 0.0432 < .1
WARNING. u_th*dt/dx (species 1) = 0.012096 < .1
WARNING. v_th*dt/dy (species 1) = 0.012096 < .1
WARNING. u_th*dt/dx (species 2) = 0.0432 < .1
WARNING. v_th*dt/dy (species 2) = 0.0432 < .1
WARNING. u_th*dt/dx (species 3) = 0.012096 < .1
WARNING. v_th*dt/dy (species 3) = 0.012096 < .1
------------------------------------------
Initialize GEM Challenge with Perturbation
------------------------------------------
B0x                              = 0.0195
B0y                              = 0
B0z                              = 0
Delta (current sheet thickness) = 0.5
rho species 0 = 1 DRIFTING 
rho species 1 = 1 DRIFTING 
rho species 2 = 0.1 BACKGROUND 
rho species 3 = 0.1 BACKGROUND 
-------------------------
 ======= Cycle 0 ======= 
*** E CALCULATION ***
*** MAXWELL SOLVER ***
Initial residual: 0.303615 norm b vector (source) = 0.303614
GMRES converged at restart # 0; iteration #7 with error: 0.00078255
*** B CALCULATION ***
 ======= Cycle 1 ======= 
*** E CALCULATION ***
*** MAXWELL SOLVER ***
Initial residual: 0.0696401 norm b vector (source) = 0.252424
GMRES converged at restart # 0; iteration #9 with error: 0.000561943
*** B CALCULATION ***
 ======= Cycle 2 ======= 
*** E CALCULATION ***
*** MAXWELL SOLVER ***
Initial residual: 0.0675629 norm b vector (source) = 0.132605
GMRES converged at restart # 0; iteration #8 with error: 0.000987678
*** B CALCULATION ***
 ======= Cycle 3 ======= 
*** E CALCULATION ***
*** MAXWELL SOLVER ***
Initial residual: 0.0656709 norm b vector (source) = 0.0754446
GMRES converged at restart # 0; iteration #9 with error: 0.000492002
*** B CALCULATION ***
 ======= Cycle 4 ======= 
*** E CALCULATION ***
*** MAXWELL SOLVER ***
Initial residual: 0.048197 norm b vector (source) = 0.0705996
GMRES converged at restart # 0; iteration #9 with error: 0.000793755
*** B CALCULATION ***
 ======= Cycle 5 ======= 
*** E CALCULATION ***
*** MAXWELL SOLVER ***
Initial residual: 0.0507506 norm b vector (source) = 0.0718214
GMRES converged at restart # 0; iteration #9 with error: 0.000762109
*** B CALCULATION ***
 ======= Cycle 6 ======= 
*** E CALCULATION ***
*** MAXWELL SOLVER ***
Initial residual: 0.0536801 norm b vector (source) = 0.0806777
GMRES converged at restart # 0; iteration #9 with error: 0.000722184
*** B CALCULATION ***
 ======= Cycle 7 ======= 
*** E CALCULATION ***
*** MAXWELL SOLVER ***
Initial residual: 0.0544458 norm b vector (source) = 0.0900495
GMRES converged at restart # 0; iteration #9 with error: 0.000612337
*** B CALCULATION ***
 ======= Cycle 8 ======= 
*** E CALCULATION ***
*** MAXWELL SOLVER ***
Initial residual: 0.0573816 norm b vector (source) = 0.0953
GMRES converged at restart # 0; iteration #9 with error: 0.000543437
*** B CALCULATION ***
 ======= Cycle 9 ======= 
*** E CALCULATION ***
*** MAXWELL SOLVER ***
Initial residual: 0.0603448 norm b vector (source) = 0.0976711
GMRES converged at restart # 0; iteration #9 with error: 0.000507791
*** B CALCULATION ***
 ======= Cycle 10 ======= 
*** E CALCULATION ***
*** MAXWELL SOLVER ***
Initial residual: 0.0620892 norm b vector (source) = 0.0982016
GMRES converged at restart # 0; iteration #8 with error: 0.000999433
*** B CALCULATION ***
 ======= Cycle 11 ======= 
*** E CALCULATION ***
*** MAXWELL SOLVER ***
Initial residual: 0.0632791 norm b vector (source) = 0.0973347
GMRES converged at restart # 0; iteration #8 with error: 0.000953911
*** B CALCULATION ***
 ======= Cycle 12 ======= 
*** E CALCULATION ***
*** MAXWELL SOLVER ***
Initial residual: 0.0643455 norm b vector (source) = 0.0959214
GMRES converged at restart # 0; iteration #8 with error: 0.000958843
*** B CALCULATION ***
 ======= Cycle 13 ======= 
*** E CALCULATION ***
*** MAXWELL SOLVER ***
Initial residual: 0.0653105 norm b vector (source) = 0.0946838
GMRES converged at restart # 0; iteration #8 with error: 0.000970463
*** B CALCULATION ***
 ======= Cycle 14 ======= 
*** E CALCULATION ***
*** MAXWELL SOLVER ***
Initial residual: 0.066235 norm b vector (source) = 0.0939276
GMRES converged at restart # 0; iteration #8 with error: 0.000989212
*** B CALCULATION ***
 ======= Cycle 15 ======= 
*** E CALCULATION ***
*** MAXWELL SOLVER ***
Initial residual: 0.0670617 norm b vector (source) = 0.0935611
GMRES converged at restart # 0; iteration #9 with error: 0.000489519
*** B CALCULATION ***
 ======= Cycle 16 ======= 
*** E CALCULATION ***
*** MAXWELL SOLVER ***
Initial residual: 0.0678307 norm b vector (source) = 0.0934584
GMRES converged at restart # 0; iteration #9 with error: 0.000510807
*** B CALCULATION ***
 ======= Cycle 17 ======= 
*** E CALCULATION ***
*** MAXWELL SOLVER ***
Initial residual: 0.0686356 norm b vector (source) = 0.0935836
GMRES converged at restart # 0; iteration #9 with error: 0.000517804
*** B CALCULATION ***
 ======= Cycle 18 ======= 
*** E CALCULATION ***
*** MAXWELL SOLVER ***
Initial residual: 0.069458 norm b vector (source) = 0.0939702
GMRES converged at restart # 0; iteration #9 with error: 0.000512195
*** B CALCULATION ***
 ======= Cycle 19 ======= 
*** E CALCULATION ***
*** MAXWELL SOLVER ***
Initial residual: 0.0701459 norm b vector (source) = 0.0945308
GMRES converged at restart # 0; iteration #9 with error: 0.000495923
*** B CALCULATION ***
 ======= Cycle 20 ======= 
*** E CALCULATION ***
*** MAXWELL SOLVER ***
Initial residual: 0.0707732 norm b vector (source) = 0.0952809
GMRES converged at restart # 0; iteration #8 with error: 0.000990875
*** B CALCULATION ***
 ======= Cycle 21 ======= 
*** E CALCULATION ***
*** MAXWELL SOLVER ***
Initial residual: 0.0713348 norm b vector (source) = 0.0960982
GMRES converged at restart # 0; iteration #8 with error: 0.000916523
*** B CALCULATION ***
 ======= Cycle 22 ======= 
*** E CALCULATION ***
*** MAXWELL SOLVER ***
Initial residual: 0.0718833 norm b vector (source) = 0.0968684
GMRES converged at restart # 0; iteration #8 with error: 0.000853082
*** B CALCULATION ***
 ======= Cycle 23 ======= 
*** E CALCULATION ***
*** MAXWELL SOLVER ***
Initial residual: 0.0723848 norm b vector (source) = 0.0974425
GMRES converged at restart # 0; iteration #8 with error: 0.000804551
*** B CALCULATION ***
 ======= Cycle 24 ======= 
*** E CALCULATION ***
*** MAXWELL SOLVER ***
Initial residual: 0.0728335 norm b vector (source) = 0.0977792
GMRES converged at restart # 0; iteration #8 with error: 0.00077802
*** B CALCULATION ***
 ======= Cycle 25 ======= 
*** E CALCULATION ***
*** MAXWELL SOLVER ***
Initial residual: 0.0732524 norm b vector (source) = 0.0979322
GMRES converged at restart # 0; iteration #8 with error: 0.000767739
*** B CALCULATION ***
 ======= Cycle 26 ======= 
*** E CALCULATION ***
*** MAXWELL SOLVER ***
Initial residual: 0.0735692 norm b vector (source) = 0.0979059
GMRES converged at restart # 0; iteration #8 with error: 0.000756241
*** B CALCULATION ***
 ======= Cycle 27 ======= 
*** E CALCULATION ***
*** MAXWELL SOLVER ***
Initial residual: 0.0738224 norm b vector (source) = 0.0977749
GMRES converged at restart # 0; iteration #8 with error: 0.000752735
*** B CALCULATION ***
 ======= Cycle 28 ======= 
*** E CALCULATION ***
*** MAXWELL SOLVER ***
Initial residual: 0.0740493 norm b vector (source) = 0.0976349
GMRES converged at restart # 0; iteration #8 with error: 0.000777751
*** B CALCULATION ***
 ======= Cycle 29 ======= 
*** E CALCULATION ***
*** MAXWELL SOLVER ***
Initial residual: 0.0742505 norm b vector (source) = 0.0975305
GMRES converged at restart # 0; iteration #8 with error: 0.000804795
*** B CALCULATION ***
 ======= Cycle 30 ======= 
*** E CALCULATION ***
*** MAXWELL SOLVER ***
Initial residual: 0.0744298 norm b vector (source) = 0.0974819
GMRES converged at restart # 0; iteration #8 with error: 0.000833771
*** B CALCULATION ***
 ======= Cycle 31 ======= 
*** E CALCULATION ***
*** MAXWELL SOLVER ***
Initial residual: 0.0746887 norm b vector (source) = 0.0975997
GMRES converged at restart # 0; iteration #8 with error: 0.000857401
*** B CALCULATION ***
 ======= Cycle 32 ======= 
*** E CALCULATION ***
*** MAXWELL SOLVER ***
Initial residual: 0.0750271 norm b vector (source) = 0.0979069
GMRES converged at restart # 0; iteration #8 with error: 0.000853514
*** B CALCULATION ***
 ======= Cycle 33 ======= 
*** E CALCULATION ***
*** MAXWELL SOLVER ***
Initial residual: 0.0753609 norm b vector (source) = 0.0982956
GMRES converged at restart # 0; iteration #8 with error: 0.000826203
*** B CALCULATION ***
 ======= Cycle 34 ======= 
*** E CALCULATION ***
*** MAXWELL SOLVER ***
Initial residual: 0.0757004 norm b vector (source) = 0.0987158
GMRES converged at restart # 0; iteration #8 with error: 0.000821429
*** B CALCULATION ***
 ======= Cycle 35 ======= 
*** E CALCULATION ***
*** MAXWELL SOLVER ***
Initial residual: 0.0761311 norm b vector (source) = 0.0992499
GMRES converged at restart # 0; iteration #8 with error: 0.000796665
*** B CALCULATION ***
 ======= Cycle 36 ======= 
*** E CALCULATION ***
*** MAXWELL SOLVER ***
Initial residual: 0.0766186 norm b vector (source) = 0.0999121
GMRES converged at restart # 0; iteration #8 with error: 0.000762166
*** B CALCULATION ***
 ======= Cycle 37 ======= 
*** E CALCULATION ***
*** MAXWELL SOLVER ***
Initial residual: 0.0771523 norm b vector (source) = 0.100679
GMRES converged at restart # 0; iteration #8 with error: 0.000752303
*** B CALCULATION ***
 ======= Cycle 38 ======= 
*** E CALCULATION ***
*** MAXWELL SOLVER ***
Initial residual: 0.0777604 norm b vector (source) = 0.101524
GMRES converged at restart # 0; iteration #8 with error: 0.000757705
*** B CALCULATION ***
 ======= Cycle 39 ======= 
*** E CALCULATION ***
*** MAXWELL SOLVER ***
Initial residual: 0.0784121 norm b vector (source) = 0.102384
GMRES converged at restart # 0; iteration #8 with error: 0.000756531
*** B CALCULATION ***
 ======= Cycle 40 ======= 
*** E CALCULATION ***
*** MAXWELL SOLVER ***
Initial residual: 0.0790521 norm b vector (source) = 0.103181
GMRES converged at restart # 0; iteration #8 with error: 0.000766352
*** B CALCULATION ***
 ======= Cycle 41 ======= 
*** E CALCULATION ***
*** MAXWELL SOLVER ***
Initial residual: 0.0797279 norm b vector (source) = 0.103938
GMRES converged at restart # 0; iteration #8 with error: 0.000788903
*** B CALCULATION ***
 ======= Cycle 42 ======= 
*** E CALCULATION ***
*** MAXWELL SOLVER ***
Initial residual: 0.0804405 norm b vector (source) = 0.104682
GMRES converged at restart # 0; iteration #8 with error: 0.000787342
*** B CALCULATION ***
 ======= Cycle 43 ======= 
*** E CALCULATION ***
*** MAXWELL SOLVER ***
Initial residual: 0.0811844 norm b vector (source) = 0.105458
GMRES converged at restart # 0; iteration #8 with error: 0.000806241
*** B CALCULATION ***
 ======= Cycle 44 ======= 
*** E CALCULATION ***
*** MAXWELL SOLVER ***
Initial residual: 0.0819372 norm b vector (source) = 0.10627
GMRES converged at restart # 0; iteration #8 with error: 0.000847809
*** B CALCULATION ***
 ======= Cycle 45 ======= 
*** E CALCULATION ***
*** MAXWELL SOLVER ***
Initial residual: 0.0826237 norm b vector (source) = 0.107045
GMRES converged at restart # 0; iteration #8 with error: 0.000862236
*** B CALCULATION ***
 ======= Cycle 46 ======= 
*** E CALCULATION ***
*** MAXWELL SOLVER ***
Initial residual: 0.0833102 norm b vector (source) = 0.107825
GMRES converged at restart # 0; iteration #8 with error: 0.000859257
*** B CALCULATION ***
 ======= Cycle 47 ======= 
*** E CALCULATION ***
*** MAXWELL SOLVER ***
Initial residual: 0.0839587 norm b vector (source) = 0.108562
GMRES converged at restart # 0; iteration #8 with error: 0.000880689
*** B CALCULATION ***
 ======= Cycle 48 ======= 
*** E CALCULATION ***
*** MAXWELL SOLVER ***
Initial residual: 0.0845317 norm b vector (source) = 0.109203
GMRES converged at restart # 0; iteration #8 with error: 0.000858804
*** B CALCULATION ***
 ======= Cycle 49 ======= 
*** E CALCULATION ***
*** MAXWELL SOLVER ***
Initial residual: 0.0850348 norm b vector (source) = 0.109754
GMRES converged at restart # 0; iteration #8 with error: 0.000821353
*** B CALCULATION ***
 ======= Cycle 50 ======= 
*** E CALCULATION ***
*** MAXWELL SOLVER ***
Initial residual: 0.0853956 norm b vector (source) = 0.11014
GMRES converged at restart # 0; iteration #8 with error: 0.000815721
*** B CALCULATION ***
 ======= Cycle 51 ======= 
*** E CALCULATION ***
*** MAXWELL SOLVER ***
Initial residual: 0.0856859 norm b vector (source) = 0.110413
GMRES converged at restart # 0; iteration #8 with error: 0.00078872
*** B CALCULATION ***
 ======= Cycle 52 ======= 
*** E CALCULATION ***
*** MAXWELL SOLVER ***
Initial residual: 0.0859419 norm b vector (source) = 0.11063
GMRES converged at restart # 0; iteration #8 with error: 0.000773899
*** B CALCULATION ***
 ======= Cycle 53 ======= 
*** E CALCULATION ***
*** MAXWELL SOLVER ***
Initial residual: 0.086179 norm b vector (source) = 0.110821
GMRES converged at restart # 0; iteration #8 with error: 0.000803181
*** B CALCULATION ***
 ======= Cycle 54 ======= 
*** E CALCULATION ***
*** MAXWELL SOLVER ***
Initial residual: 0.0863716 norm b vector (source) = 0.110976
GMRES converged at restart # 0; iteration #8 with error: 0.000785298
*** B CALCULATION ***
 ======= Cycle 55 ======= 
*** E CALCULATION ***
*** MAXWELL SOLVER ***
Initial residual: 0.086493 norm b vector (source) = 0.111063
GMRES converged at restart # 0; iteration #8 with error: 0.000761034
*** B CALCULATION ***
 ======= Cycle 56 ======= 
*** E CALCULATION ***
*** MAXWELL SOLVER ***
Initial residual: 0.0865593 norm b vector (source) = 0.11108
GMRES converged at restart # 0; iteration #8 with error: 0.000789648
*** B CALCULATION ***
 ======= Cycle 57 ======= 
*** E CALCULATION ***
*** MAXWELL SOLVER ***
Initial residual: 0.0865882 norm b vector (source) = 0.111044
GMRES converged at restart # 0; iteration #8 with error: 0.00078438
*** B CALCULATION ***
 ======= Cycle 58 ======= 
*** E CALCULATION ***
*** MAXWELL SOLVER ***
Initial residual: 0.0865831 norm b vector (source) = 0.110957
GMRES converged at restart # 0; iteration #8 with error: 0.000764832
*** B CALCULATION ***
 ======= Cycle 59 ======= 
*** E CALCULATION ***
*** MAXWELL SOLVER ***
Initial residual: 0.0866241 norm b vector (source) = 0.110906
GMRES converged at restart # 0; iteration #8 with error: 0.000775982
*** B CALCULATION ***
 ======= Cycle 60 ======= 
*** E CALCULATION ***
*** MAXWELL SOLVER ***
Initial residual: 0.0866048 norm b vector (source) = 0.110805
GMRES converged at restart # 0; iteration #8 with error: 0.000749802
*** B CALCULATION ***
 ======= Cycle 61 ======= 
*** E CALCULATION ***
*** MAXWELL SOLVER ***
Initial residual: 0.0865539 norm b vector (source) = 0.110654
GMRES converged at restart # 0; iteration #8 with error: 0.00072584
*** B CALCULATION ***
 ======= Cycle 62 ======= 
*** E CALCULATION ***
*** MAXWELL SOLVER ***
Initial residual: 0.086556 norm b vector (source) = 0.110527
GMRES converged at restart # 0; iteration #8 with error: 0.000755317
*** B CALCULATION ***
 ======= Cycle 63 ======= 
*** E CALCULATION ***
*** MAXWELL SOLVER ***
Initial residual: 0.0866287 norm b vector (source) = 0.110464
GMRES converged at restart # 0; iteration #8 with error: 0.000747381
*** B CALCULATION ***
 ======= Cycle 64 ======= 
*** E CALCULATION ***
*** MAXWELL SOLVER ***
Initial residual: 0.086754 norm b vector (source) = 0.110469
GMRES converged at restart # 0; iteration #8 with error: 0.000725399
*** B CALCULATION ***
 ======= Cycle 65 ======= 
*** E CALCULATION ***
*** MAXWELL SOLVER ***
Initial residual: 0.0869445 norm b vector (source) = 0.110564
GMRES converged at restart # 0; iteration #8 with error: 0.000721539
*** B CALCULATION ***
 ======= Cycle 66 ======= 
*** E CALCULATION ***
*** MAXWELL SOLVER ***
Initial residual: 0.0871772 norm b vector (source) = 0.110737
GMRES converged at restart # 0; iteration #8 with error: 0.000709484
*** B CALCULATION ***
 ======= Cycle 67 ======= 
*** E CALCULATION ***
*** MAXWELL SOLVER ***
Initial residual: 0.0873624 norm b vector (source) = 0.110898
GMRES converged at restart # 0; iteration #8 with error: 0.00072055
*** B CALCULATION ***
 ======= Cycle 68 ======= 
*** E CALCULATION ***
*** MAXWELL SOLVER ***
Initial residual: 0.0876373 norm b vector (source) = 0.111164
GMRES converged at restart # 0; iteration #8 with error: 0.000771085
*** B CALCULATION ***
 ======= Cycle 69 ======= 
*** E CALCULATION ***
*** MAXWELL SOLVER ***
Initial residual: 0.0879706 norm b vector (source) = 0.111526
GMRES converged at restart # 0; iteration #8 with error: 0.000774431
*** B CALCULATION ***
 ======= Cycle 70 ======= 
*** E CALCULATION ***
*** MAXWELL SOLVER ***
Initial residual: 0.0883308 norm b vector (source) = 0.111941
GMRES converged at restart # 0; iteration #8 with error: 0.00074244
*** B CALCULATION ***
 ======= Cycle 71 ======= 
*** E CALCULATION ***
*** MAXWELL SOLVER ***
Initial residual: 0.0886354 norm b vector (source) = 0.112323
GMRES converged at restart # 0; iteration #8 with error: 0.000733712
*** B CALCULATION ***
 ======= Cycle 72 ======= 
*** E CALCULATION ***
*** MAXWELL SOLVER ***
Initial residual: 0.0889718 norm b vector (source) = 0.112742
GMRES converged at restart # 0; iteration #8 with error: 0.000732982
*** B CALCULATION ***
 ======= Cycle 73 ======= 
*** E CALCULATION ***
*** MAXWELL SOLVER ***
Initial residual: 0.0893096 norm b vector (source) = 0.113164
GMRES converged at restart # 0; iteration #8 with error: 0.000751831
*** B CALCULATION ***
 ======= Cycle 74 ======= 
*** E CALCULATION ***
*** MAXWELL SOLVER ***
Initial residual: 0.0897444 norm b vector (source) = 0.113675
GMRES converged at restart # 0; iteration #8 with error: 0.000790587
*** B CALCULATION ***
 ======= Cycle 75 ======= 
*** E CALCULATION ***
*** MAXWELL SOLVER ***
Initial residual: 0.0902669 norm b vector (source) = 0.114296
GMRES converged at restart # 0; iteration #8 with error: 0.000771044
*** B CALCULATION ***
 ======= Cycle 76 ======= 
*** E CALCULATION ***
*** MAXWELL SOLVER ***
Initial residual: 0.0907737 norm b vector (source) = 0.114924
GMRES converged at restart # 0; iteration #8 with error: 0.000749636
*** B CALCULATION ***
 ======= Cycle 77 ======= 
*** E CALCULATION ***
*** MAXWELL SOLVER ***
Initial residual: 0.0912044 norm b vector (source) = 0.115465
GMRES converged at restart # 0; iteration #8 with error: 0.000767636
*** B CALCULATION ***
 ======= Cycle 78 ======= 
*** E CALCULATION ***
*** MAXWELL SOLVER ***
Initial residual: 0.0916375 norm b vector (source) = 0.115983
GMRES converged at restart # 0; iteration #8 with error: 0.000783427
*** B CALCULATION ***
 ======= Cycle 79 ======= 
*** E CALCULATION ***
*** MAXWELL SOLVER ***
Initial residual: 0.0920914 norm b vector (source) = 0.116521
GMRES converged at restart # 0; iteration #8 with error: 0.000804079
*** B CALCULATION ***
 ======= Cycle 80 ======= 
*** E CALCULATION ***
*** MAXWELL SOLVER ***
Initial residual: 0.0925039 norm b vector (source) = 0.117025
GMRES converged at restart # 0; iteration #8 with error: 0.000802409
*** B CALCULATION ***
 ======= Cycle 81 ======= 
*** E CALCULATION ***
*** MAXWELL SOLVER ***
Initial residual: 0.0929085 norm b vector (source) = 0.117501
GMRES converged at restart # 0; iteration #8 with error: 0.000786464
*** B CALCULATION ***
 ======= Cycle 82 ======= 
*** E CALCULATION ***
*** MAXWELL SOLVER ***
Initial residual: 0.0934004 norm b vector (source) = 0.118045
GMRES converged at restart # 0; iteration #8 with error: 0.000794576
*** B CALCULATION ***
 ======= Cycle 83 ======= 
*** E CALCULATION ***
*** MAXWELL SOLVER ***
Initial residual: 0.0938262 norm b vector (source) = 0.118522
GMRES converged at restart # 0; iteration #8 with error: 0.000812477
*** B CALCULATION ***
 ======= Cycle 84 ======= 
*** E CALCULATION ***
*** MAXWELL SOLVER ***
Initial residual: 0.0941953 norm b vector (source) = 0.118906
GMRES converged at restart # 0; iteration #8 with error: 0.000816141
*** B CALCULATION ***
 ======= Cycle 85 ======= 
*** E CALCULATION ***
*** MAXWELL SOLVER ***
Initial residual: 0.0945066 norm b vector (source) = 0.119213
GMRES converged at restart # 0; iteration #8 with error: 0.000792797
*** B CALCULATION ***
 ======= Cycle 86 ======= 
*** E CALCULATION ***
*** MAXWELL SOLVER ***
Initial residual: 0.0947418 norm b vector (source) = 0.119435
GMRES converged at restart # 0; iteration #8 with error: 0.000770975
*** B CALCULATION ***
 ======= Cycle 87 ======= 
*** E CALCULATION ***
*** MAXWELL SOLVER ***
Initial residual: 0.0949248 norm b vector (source) = 0.119596
GMRES converged at restart # 0; iteration #8 with error: 0.000766367
*** B CALCULATION ***
 ======= Cycle 88 ======= 
*** E CALCULATION ***
*** MAXWELL SOLVER ***
Initial residual: 0.0949533 norm b vector (source) = 0.119587
GMRES converged at restart # 0; iteration #8 with error: 0.000773902
*** B CALCULATION ***
 ======= Cycle 89 ======= 
*** E CALCULATION ***
*** MAXWELL SOLVER ***
Initial residual: 0.0949617 norm b vector (source) = 0.11952
GMRES converged at restart # 0; iteration #8 with error: 0.000780834
*** B CALCULATION ***
 ======= Cycle 90 ======= 
*** E CALCULATION ***
*** MAXWELL SOLVER ***
Initial residual: 0.0948867 norm b vector (source) = 0.119376
GMRES converged at restart # 0; iteration #8 with error: 0.000746018
*** B CALCULATION ***
 ======= Cycle 91 ======= 
*** E CALCULATION ***
*** MAXWELL SOLVER ***
Initial residual: 0.0947532 norm b vector (source) = 0.119165
GMRES converged at restart # 0; iteration #8 with error: 0.000707134
*** B CALCULATION ***
 ======= Cycle 92 ======= 
*** E CALCULATION ***
*** MAXWELL SOLVER ***
Initial residual: 0.0945613 norm b vector (source) = 0.118889
GMRES converged at restart # 0; iteration #8 with error: 0.000697519
*** B CALCULATION ***
 ======= Cycle 93 ======= 
*** E CALCULATION ***
*** MAXWELL SOLVER ***
Initial residual: 0.094285 norm b vector (source) = 0.118515
GMRES converged at restart # 0; iteration #8 with error: 0.000714273
*** B CALCULATION ***
 ======= Cycle 94 ======= 
*** E CALCULATION ***
*** MAXWELL SOLVER ***
Initial residual: 0.0939745 norm b vector (source) = 0.118082
GMRES converged at restart # 0; iteration #8 with error: 0.000738537
*** B CALCULATION ***
 ======= Cycle 95 ======= 
*** E CALCULATION ***
*** MAXWELL SOLVER ***
Initial residual: 0.0937059 norm b vector (source) = 0.117678
GMRES converged at restart # 0; iteration #8 with error: 0.000730699
*** B CALCULATION ***
 ======= Cycle 96 ======= 
*** E CALCULATION ***
*** MAXWELL SOLVER ***
Initial residual: 0.0934024 norm b vector (source) = 0.117259
GMRES converged at restart # 0; iteration #8 with error: 0.000724719
*** B CALCULATION ***
 ======= Cycle 97 ======= 
*** E CALCULATION ***
*** MAXWELL SOLVER ***
Initial residual: 0.0931326 norm b vector (source) = 0.116882
GMRES converged at restart # 0; iteration #8 with error: 0.000729988
*** B CALCULATION ***
 ======= Cycle 98 ======= 
*** E CALCULATION ***
*** MAXWELL SOLVER ***
Initial residual: 0.0929186 norm b vector (source) = 0.116575
GMRES converged at restart # 0; iteration #8 with error: 0.000738571
*** B CALCULATION ***
 ======= Cycle 99 ======= 
*** E CALCULATION ***
*** MAXWELL SOLVER ***
Initial residual: 0.0927459 norm b vector (source) = 0.116332
GMRES converged at restart # 0; iteration #8 with error: 0.000750504
*** B CALCULATION ***


*** SIMULATION ENDED SUCESSFULLY ***
 Simulation Time: 14.6598 sec (0.00407218 hours)
***

7 total processes killed (some possibly by mpirun during cleanup)
