
Number of processes = 256
-------------------------
Number of threads = 1
-------------------------

Virtual Cartesian Processors Topology
-------------------------------------
Processors grid: 8x8x4
Periodicity X: 1
Periodicity Y: 0
Periodicity Z: 1


Simulation Parameters
---------------------
Number of species    = 4
qom[0] = -64
qom[1] = 1
qom[2] = -64
qom[3] = 1
x-Length                 = 10
y-Length                 = 10
z-Length                 = 10
Number of cells (x)      = 16
Number of cells (y)      = 16
Number of cells (z)      = 16
Time step                = 0.15
Number of cycles         = 100
Results saved in  : data256_weak
Case type         : GEM
Simulation name   : testGEM3D
Poisson correction: no
---------------------
Check Simulation Constraints
---------------------
Accuracy Constraint:  
u_th < dx/dt species 0.....OK
v_th < dy/dt species 0......OK
u_th < dx/dt species 1.....OK
v_th < dy/dt species 1......OK
u_th < dx/dt species 2.....OK
v_th < dy/dt species 2......OK
u_th < dx/dt species 3.....OK
v_th < dy/dt species 3......OK

Finite Grid Stability Constraint:  
WARNING. u_th*dt/dx (species 0) = 0.0108 < .1
WARNING. v_th*dt/dy (species 0) = 0.0108 < .1
WARNING. u_th*dt/dx (species 1) = 0.003024 < .1
WARNING. v_th*dt/dy (species 1) = 0.003024 < .1
WARNING. u_th*dt/dx (species 2) = 0.0108 < .1
WARNING. v_th*dt/dy (species 2) = 0.0108 < .1
WARNING. u_th*dt/dx (species 3) = 0.003024 < .1
WARNING. v_th*dt/dy (species 3) = 0.003024 < .1
------------------------------------------
Initialize GEM Challenge with Perturbation
------------------------------------------
B0x                              = 0.0195
B0y                              = 0
B0z                              = 0
Delta (current sheet thickness) = 0.5
rho species 0 = 1 DRIFTING 
rho species 1 = 1 DRIFTING 
rho species 2 = 0.1 BACKGROUND 
rho species 3 = 0.1 BACKGROUND 
-------------------------
 ======= Cycle 0 ======= 
*** E CALCULATION ***
*** MAXWELL SOLVER ***
Initial residual: 0.0943438 norm b vector (source) = 0.0943434
GMRES converged at restart # 0; iteration #3 with error: 0.000990942
*** B CALCULATION ***
 ======= Cycle 1 ======= 
*** E CALCULATION ***
*** MAXWELL SOLVER ***
Initial residual: 0.0775808 norm b vector (source) = 0.100136
GMRES converged at restart # 0; iteration #4 with error: 0.000135202
*** B CALCULATION ***
 ======= Cycle 2 ======= 
*** E CALCULATION ***
*** MAXWELL SOLVER ***
Initial residual: 0.0675182 norm b vector (source) = 0.0945366
GMRES converged at restart # 0; iteration #4 with error: 0.00013776
*** B CALCULATION ***
 ======= Cycle 3 ======= 
*** E CALCULATION ***
*** MAXWELL SOLVER ***
Initial residual: 0.0604749 norm b vector (source) = 0.0872769
GMRES converged at restart # 0; iteration #4 with error: 0.000140347
*** B CALCULATION ***
 ======= Cycle 4 ======= 
*** E CALCULATION ***
*** MAXWELL SOLVER ***
Initial residual: 0.0551927 norm b vector (source) = 0.0799993
GMRES converged at restart # 0; iteration #3 with error: 0.000989405
*** B CALCULATION ***
 ======= Cycle 5 ======= 
*** E CALCULATION ***
*** MAXWELL SOLVER ***
Initial residual: 0.0510041 norm b vector (source) = 0.0727579
GMRES converged at restart # 0; iteration #4 with error: 0.000154586
*** B CALCULATION ***
 ======= Cycle 6 ======= 
*** E CALCULATION ***
*** MAXWELL SOLVER ***
Initial residual: 0.0471061 norm b vector (source) = 0.0661869
GMRES converged at restart # 0; iteration #4 with error: 0.000158975
*** B CALCULATION ***
 ======= Cycle 7 ======= 
*** E CALCULATION ***
*** MAXWELL SOLVER ***
Initial residual: 0.0429437 norm b vector (source) = 0.0611226
GMRES converged at restart # 0; iteration #4 with error: 0.000163788
*** B CALCULATION ***
 ======= Cycle 8 ======= 
*** E CALCULATION ***
*** MAXWELL SOLVER ***
Initial residual: 0.0385876 norm b vector (source) = 0.0577572
GMRES converged at restart # 0; iteration #4 with error: 0.00017614
*** B CALCULATION ***
 ======= Cycle 9 ======= 
*** E CALCULATION ***
*** MAXWELL SOLVER ***
Initial residual: 0.0345395 norm b vector (source) = 0.0555537
GMRES converged at restart # 0; iteration #4 with error: 0.000199806
*** B CALCULATION ***
 ======= Cycle 10 ======= 
*** E CALCULATION ***
*** MAXWELL SOLVER ***
Initial residual: 0.0312261 norm b vector (source) = 0.0537991
GMRES converged at restart # 0; iteration #4 with error: 0.000232871
*** B CALCULATION ***
 ======= Cycle 11 ======= 
*** E CALCULATION ***
*** MAXWELL SOLVER ***
Initial residual: 0.0287281 norm b vector (source) = 0.051968
GMRES converged at restart # 0; iteration #4 with error: 0.000270607
*** B CALCULATION ***
 ======= Cycle 12 ======= 
*** E CALCULATION ***
*** MAXWELL SOLVER ***
Initial residual: 0.026869 norm b vector (source) = 0.0497749
GMRES converged at restart # 0; iteration #4 with error: 0.000301232
*** B CALCULATION ***
 ======= Cycle 13 ======= 
*** E CALCULATION ***
*** MAXWELL SOLVER ***
Initial residual: 0.0254404 norm b vector (source) = 0.0471502
GMRES converged at restart # 0; iteration #4 with error: 0.000323125
*** B CALCULATION ***
 ======= Cycle 14 ======= 
*** E CALCULATION ***
*** MAXWELL SOLVER ***
Initial residual: 0.0242462 norm b vector (source) = 0.0442317
GMRES converged at restart # 0; iteration #4 with error: 0.000337035
*** B CALCULATION ***
 ======= Cycle 15 ======= 
*** E CALCULATION ***
*** MAXWELL SOLVER ***
Initial residual: 0.023112 norm b vector (source) = 0.0412835
GMRES converged at restart # 0; iteration #4 with error: 0.000345056
*** B CALCULATION ***
 ======= Cycle 16 ======= 
*** E CALCULATION ***
*** MAXWELL SOLVER ***
Initial residual: 0.0219178 norm b vector (source) = 0.0385579
GMRES converged at restart # 0; iteration #4 with error: 0.000346517
*** B CALCULATION ***
 ======= Cycle 17 ======= 
*** E CALCULATION ***
*** MAXWELL SOLVER ***
Initial residual: 0.0206584 norm b vector (source) = 0.0361934
GMRES converged at restart # 0; iteration #4 with error: 0.000337637
*** B CALCULATION ***
 ======= Cycle 18 ======= 
*** E CALCULATION ***
*** MAXWELL SOLVER ***
Initial residual: 0.0194436 norm b vector (source) = 0.0342282
GMRES converged at restart # 0; iteration #4 with error: 0.000320496
*** B CALCULATION ***
 ======= Cycle 19 ======= 
*** E CALCULATION ***
*** MAXWELL SOLVER ***
Initial residual: 0.0183845 norm b vector (source) = 0.0326769
GMRES converged at restart # 0; iteration #4 with error: 0.000303869
*** B CALCULATION ***
 ======= Cycle 20 ======= 
*** E CALCULATION ***
*** MAXWELL SOLVER ***
Initial residual: 0.0175344 norm b vector (source) = 0.0315714
GMRES converged at restart # 0; iteration #4 with error: 0.000300728
*** B CALCULATION ***
 ======= Cycle 21 ======= 
*** E CALCULATION ***
*** MAXWELL SOLVER ***
Initial residual: 0.0168648 norm b vector (source) = 0.0309248
GMRES converged at restart # 0; iteration #4 with error: 0.000307507
*** B CALCULATION ***
 ======= Cycle 22 ======= 
*** E CALCULATION ***
*** MAXWELL SOLVER ***
Initial residual: 0.0163086 norm b vector (source) = 0.0306763
GMRES converged at restart # 0; iteration #4 with error: 0.000314322
*** B CALCULATION ***
 ======= Cycle 23 ======= 
*** E CALCULATION ***
*** MAXWELL SOLVER ***
Initial residual: 0.015801 norm b vector (source) = 0.0306758
GMRES converged at restart # 0; iteration #4 with error: 0.000311909
*** B CALCULATION ***
 ======= Cycle 24 ======= 
*** E CALCULATION ***
*** MAXWELL SOLVER ***
Initial residual: 0.0152992 norm b vector (source) = 0.0307238
GMRES converged at restart # 0; iteration #4 with error: 0.000301055
*** B CALCULATION ***
 ======= Cycle 25 ======= 
*** E CALCULATION ***
*** MAXWELL SOLVER ***
Initial residual: 0.0147881 norm b vector (source) = 0.0306363
GMRES converged at restart # 0; iteration #4 with error: 0.000288149
*** B CALCULATION ***
 ======= Cycle 26 ======= 
*** E CALCULATION ***
*** MAXWELL SOLVER ***
Initial residual: 0.0142731 norm b vector (source) = 0.0302942
GMRES converged at restart # 0; iteration #4 with error: 0.000289867
*** B CALCULATION ***
 ======= Cycle 27 ======= 
*** E CALCULATION ***
*** MAXWELL SOLVER ***
Initial residual: 0.0137731 norm b vector (source) = 0.0296634
GMRES converged at restart # 0; iteration #4 with error: 0.000319
*** B CALCULATION ***
 ======= Cycle 28 ======= 
*** E CALCULATION ***
*** MAXWELL SOLVER ***
Initial residual: 0.0132982 norm b vector (source) = 0.028801
GMRES converged at restart # 0; iteration #4 with error: 0.000357383
*** B CALCULATION ***
 ======= Cycle 29 ======= 
*** E CALCULATION ***
*** MAXWELL SOLVER ***
Initial residual: 0.012866 norm b vector (source) = 0.0278176
GMRES converged at restart # 0; iteration #4 with error: 0.000391935
*** B CALCULATION ***
 ======= Cycle 30 ======= 
*** E CALCULATION ***
*** MAXWELL SOLVER ***
Initial residual: 0.0124879 norm b vector (source) = 0.0268399
GMRES converged at restart # 0; iteration #4 with error: 0.000417953
*** B CALCULATION ***
 ======= Cycle 31 ======= 
*** E CALCULATION ***
*** MAXWELL SOLVER ***
Initial residual: 0.0121571 norm b vector (source) = 0.0259818
GMRES converged at restart # 0; iteration #4 with error: 0.000429067
*** B CALCULATION ***
 ======= Cycle 32 ======= 
*** E CALCULATION ***
*** MAXWELL SOLVER ***
Initial residual: 0.0118783 norm b vector (source) = 0.0253141
GMRES converged at restart # 0; iteration #4 with error: 0.00042936
*** B CALCULATION ***
 ======= Cycle 33 ======= 
*** E CALCULATION ***
*** MAXWELL SOLVER ***
Initial residual: 0.0116445 norm b vector (source) = 0.0248627
GMRES converged at restart # 0; iteration #4 with error: 0.000417783
*** B CALCULATION ***
 ======= Cycle 34 ======= 
*** E CALCULATION ***
*** MAXWELL SOLVER ***
Initial residual: 0.011457 norm b vector (source) = 0.0246197
GMRES converged at restart # 0; iteration #4 with error: 0.000399395
*** B CALCULATION ***
 ======= Cycle 35 ======= 
*** E CALCULATION ***
*** MAXWELL SOLVER ***
Initial residual: 0.0113031 norm b vector (source) = 0.0245528
GMRES converged at restart # 0; iteration #4 with error: 0.000375123
*** B CALCULATION ***
 ======= Cycle 36 ======= 
*** E CALCULATION ***
*** MAXWELL SOLVER ***
Initial residual: 0.0111715 norm b vector (source) = 0.0246159
GMRES converged at restart # 0; iteration #4 with error: 0.000349198
*** B CALCULATION ***
 ======= Cycle 37 ======= 
*** E CALCULATION ***
*** MAXWELL SOLVER ***
Initial residual: 0.0110508 norm b vector (source) = 0.0247475
GMRES converged at restart # 0; iteration #4 with error: 0.000328207
*** B CALCULATION ***
 ======= Cycle 38 ======= 
*** E CALCULATION ***
*** MAXWELL SOLVER ***
Initial residual: 0.0109277 norm b vector (source) = 0.0248807
GMRES converged at restart # 0; iteration #4 with error: 0.000310073
*** B CALCULATION ***
 ======= Cycle 39 ======= 
*** E CALCULATION ***
*** MAXWELL SOLVER ***
Initial residual: 0.0108043 norm b vector (source) = 0.0249498
GMRES converged at restart # 0; iteration #4 with error: 0.000296835
*** B CALCULATION ***
 ======= Cycle 40 ======= 
*** E CALCULATION ***
*** MAXWELL SOLVER ***
Initial residual: 0.0106819 norm b vector (source) = 0.0249091
GMRES converged at restart # 0; iteration #4 with error: 0.00028498
*** B CALCULATION ***
 ======= Cycle 41 ======= 
*** E CALCULATION ***
*** MAXWELL SOLVER ***
Initial residual: 0.0105717 norm b vector (source) = 0.0247406
GMRES converged at restart # 0; iteration #4 with error: 0.000274187
*** B CALCULATION ***
 ======= Cycle 42 ======= 
*** E CALCULATION ***
*** MAXWELL SOLVER ***
Initial residual: 0.0104824 norm b vector (source) = 0.0244465
GMRES converged at restart # 0; iteration #4 with error: 0.000266098
*** B CALCULATION ***
 ======= Cycle 43 ======= 
*** E CALCULATION ***
*** MAXWELL SOLVER ***
Initial residual: 0.0104049 norm b vector (source) = 0.0240605
GMRES converged at restart # 0; iteration #4 with error: 0.000256388
*** B CALCULATION ***
 ======= Cycle 44 ======= 
*** E CALCULATION ***
*** MAXWELL SOLVER ***
Initial residual: 0.0103493 norm b vector (source) = 0.0236243
GMRES converged at restart # 0; iteration #4 with error: 0.000248927
*** B CALCULATION ***
 ======= Cycle 45 ======= 
*** E CALCULATION ***
*** MAXWELL SOLVER ***
Initial residual: 0.0103025 norm b vector (source) = 0.0231876
GMRES converged at restart # 0; iteration #4 with error: 0.000241185
*** B CALCULATION ***
 ======= Cycle 46 ======= 
*** E CALCULATION ***
*** MAXWELL SOLVER ***
Initial residual: 0.0102644 norm b vector (source) = 0.022791
GMRES converged at restart # 0; iteration #4 with error: 0.000238521
*** B CALCULATION ***
 ======= Cycle 47 ======= 
*** E CALCULATION ***
*** MAXWELL SOLVER ***
Initial residual: 0.0102288 norm b vector (source) = 0.0224566
GMRES converged at restart # 0; iteration #4 with error: 0.000237297
*** B CALCULATION ***
 ======= Cycle 48 ======= 
*** E CALCULATION ***
*** MAXWELL SOLVER ***
Initial residual: 0.0101851 norm b vector (source) = 0.0221972
GMRES converged at restart # 0; iteration #4 with error: 0.000239247
*** B CALCULATION ***
 ======= Cycle 49 ======= 
*** E CALCULATION ***
*** MAXWELL SOLVER ***
Initial residual: 0.0101346 norm b vector (source) = 0.0220069
GMRES converged at restart # 0; iteration #4 with error: 0.000242148
*** B CALCULATION ***
 ======= Cycle 50 ======= 
*** E CALCULATION ***
*** MAXWELL SOLVER ***
Initial residual: 0.0100681 norm b vector (source) = 0.0218693
GMRES converged at restart # 0; iteration #4 with error: 0.000247819
*** B CALCULATION ***
 ======= Cycle 51 ======= 
*** E CALCULATION ***
*** MAXWELL SOLVER ***
Initial residual: 0.00998948 norm b vector (source) = 0.0217593
GMRES converged at restart # 0; iteration #4 with error: 0.000250511
*** B CALCULATION ***
 ======= Cycle 52 ======= 
*** E CALCULATION ***
*** MAXWELL SOLVER ***
Initial residual: 0.00988628 norm b vector (source) = 0.0216539
GMRES converged at restart # 0; iteration #4 with error: 0.000252475
*** B CALCULATION ***
 ======= Cycle 53 ======= 
*** E CALCULATION ***
*** MAXWELL SOLVER ***
Initial residual: 0.009766 norm b vector (source) = 0.0215332
GMRES converged at restart # 0; iteration #4 with error: 0.000250185
*** B CALCULATION ***
 ======= Cycle 54 ======= 
*** E CALCULATION ***
*** MAXWELL SOLVER ***
Initial residual: 0.00962439 norm b vector (source) = 0.0213829
GMRES converged at restart # 0; iteration #4 with error: 0.000244893
*** B CALCULATION ***
 ======= Cycle 55 ======= 
*** E CALCULATION ***
*** MAXWELL SOLVER ***
Initial residual: 0.00946571 norm b vector (source) = 0.0211928
GMRES converged at restart # 0; iteration #4 with error: 0.000235775
*** B CALCULATION ***
 ======= Cycle 56 ======= 
*** E CALCULATION ***
*** MAXWELL SOLVER ***
Initial residual: 0.00928751 norm b vector (source) = 0.0209659
GMRES converged at restart # 0; iteration #4 with error: 0.000228548
*** B CALCULATION ***
 ======= Cycle 57 ======= 
*** E CALCULATION ***
*** MAXWELL SOLVER ***
Initial residual: 0.00909492 norm b vector (source) = 0.0207111
GMRES converged at restart # 0; iteration #4 with error: 0.000221238
*** B CALCULATION ***
 ======= Cycle 58 ======= 
*** E CALCULATION ***
*** MAXWELL SOLVER ***
Initial residual: 0.0088899 norm b vector (source) = 0.0204468
GMRES converged at restart # 0; iteration #4 with error: 0.00021741
*** B CALCULATION ***
 ======= Cycle 59 ======= 
*** E CALCULATION ***
*** MAXWELL SOLVER ***
Initial residual: 0.00868157 norm b vector (source) = 0.0201928
GMRES converged at restart # 0; iteration #4 with error: 0.000216899
*** B CALCULATION ***
 ======= Cycle 60 ======= 
*** E CALCULATION ***
*** MAXWELL SOLVER ***
Initial residual: 0.00846906 norm b vector (source) = 0.019967
GMRES converged at restart # 0; iteration #4 with error: 0.000216787
*** B CALCULATION ***
 ======= Cycle 61 ======= 
*** E CALCULATION ***
*** MAXWELL SOLVER ***
Initial residual: 0.00825758 norm b vector (source) = 0.019785
GMRES converged at restart # 0; iteration #4 with error: 0.000218296
*** B CALCULATION ***
 ======= Cycle 62 ======= 
*** E CALCULATION ***
*** MAXWELL SOLVER ***
Initial residual: 0.00805669 norm b vector (source) = 0.0196534
GMRES converged at restart # 0; iteration #4 with error: 0.000219982
*** B CALCULATION ***
 ======= Cycle 63 ======= 
*** E CALCULATION ***
*** MAXWELL SOLVER ***
Initial residual: 0.00786586 norm b vector (source) = 0.0195752
GMRES converged at restart # 0; iteration #4 with error: 0.000222516
*** B CALCULATION ***
 ======= Cycle 64 ======= 
*** E CALCULATION ***
*** MAXWELL SOLVER ***
Initial residual: 0.00769173 norm b vector (source) = 0.0195479
GMRES converged at restart # 0; iteration #4 with error: 0.00022493
*** B CALCULATION ***
 ======= Cycle 65 ======= 
*** E CALCULATION ***
*** MAXWELL SOLVER ***
Initial residual: 0.00752907 norm b vector (source) = 0.0195648
GMRES converged at restart # 0; iteration #4 with error: 0.000223503
*** B CALCULATION ***
 ======= Cycle 66 ======= 
*** E CALCULATION ***
*** MAXWELL SOLVER ***
Initial residual: 0.00737984 norm b vector (source) = 0.0196083
GMRES converged at restart # 0; iteration #4 with error: 0.000225023
*** B CALCULATION ***
 ======= Cycle 67 ======= 
*** E CALCULATION ***
*** MAXWELL SOLVER ***
Initial residual: 0.00723918 norm b vector (source) = 0.0196612
GMRES converged at restart # 0; iteration #4 with error: 0.000225675
*** B CALCULATION ***
 ======= Cycle 68 ======= 
*** E CALCULATION ***
*** MAXWELL SOLVER ***
Initial residual: 0.00710588 norm b vector (source) = 0.0197119
GMRES converged at restart # 0; iteration #4 with error: 0.000225526
*** B CALCULATION ***
 ======= Cycle 69 ======= 
*** E CALCULATION ***
*** MAXWELL SOLVER ***
Initial residual: 0.00698631 norm b vector (source) = 0.0197522
GMRES converged at restart # 0; iteration #4 with error: 0.000227951
*** B CALCULATION ***
 ======= Cycle 70 ======= 
*** E CALCULATION ***
*** MAXWELL SOLVER ***
Initial residual: 0.006881 norm b vector (source) = 0.0197756
GMRES converged at restart # 0; iteration #4 with error: 0.000230151
*** B CALCULATION ***
 ======= Cycle 71 ======= 
*** E CALCULATION ***
*** MAXWELL SOLVER ***
Initial residual: 0.00678455 norm b vector (source) = 0.0197833
GMRES converged at restart # 0; iteration #4 with error: 0.000230286
*** B CALCULATION ***
 ======= Cycle 72 ======= 
*** E CALCULATION ***
*** MAXWELL SOLVER ***
Initial residual: 0.00669686 norm b vector (source) = 0.0197801
GMRES converged at restart # 0; iteration #4 with error: 0.000228683
*** B CALCULATION ***
 ======= Cycle 73 ======= 
*** E CALCULATION ***
*** MAXWELL SOLVER ***
Initial residual: 0.00662524 norm b vector (source) = 0.0197681
GMRES converged at restart # 0; iteration #4 with error: 0.00022752
*** B CALCULATION ***
 ======= Cycle 74 ======= 
*** E CALCULATION ***
*** MAXWELL SOLVER ***
Initial residual: 0.00655732 norm b vector (source) = 0.0197522
GMRES converged at restart # 0; iteration #4 with error: 0.000225002
*** B CALCULATION ***
 ======= Cycle 75 ======= 
*** E CALCULATION ***
*** MAXWELL SOLVER ***
Initial residual: 0.00649908 norm b vector (source) = 0.0197331
GMRES converged at restart # 0; iteration #4 with error: 0.000225067
*** B CALCULATION ***
 ======= Cycle 76 ======= 
*** E CALCULATION ***
*** MAXWELL SOLVER ***
Initial residual: 0.00644578 norm b vector (source) = 0.0197088
GMRES converged at restart # 0; iteration #4 with error: 0.00022644
*** B CALCULATION ***
 ======= Cycle 77 ======= 
*** E CALCULATION ***
*** MAXWELL SOLVER ***
Initial residual: 0.00639865 norm b vector (source) = 0.0196736
GMRES converged at restart # 0; iteration #4 with error: 0.000229025
*** B CALCULATION ***
 ======= Cycle 78 ======= 
*** E CALCULATION ***
*** MAXWELL SOLVER ***
Initial residual: 0.00635775 norm b vector (source) = 0.0196233
GMRES converged at restart # 0; iteration #4 with error: 0.000233587
*** B CALCULATION ***
 ======= Cycle 79 ======= 
*** E CALCULATION ***
*** MAXWELL SOLVER ***
Initial residual: 0.00632468 norm b vector (source) = 0.0195558
GMRES converged at restart # 0; iteration #4 with error: 0.000239294
*** B CALCULATION ***
 ======= Cycle 80 ======= 
*** E CALCULATION ***
*** MAXWELL SOLVER ***
Initial residual: 0.00629991 norm b vector (source) = 0.0194706
GMRES converged at restart # 0; iteration #4 with error: 0.000244118
*** B CALCULATION ***
 ======= Cycle 81 ======= 
*** E CALCULATION ***
*** MAXWELL SOLVER ***
Initial residual: 0.0062896 norm b vector (source) = 0.0193666
GMRES converged at restart # 0; iteration #4 with error: 0.000243024
*** B CALCULATION ***
 ======= Cycle 82 ======= 
*** E CALCULATION ***
*** MAXWELL SOLVER ***
Initial residual: 0.00628618 norm b vector (source) = 0.019246
GMRES converged at restart # 0; iteration #4 with error: 0.000240421
*** B CALCULATION ***
 ======= Cycle 83 ======= 
*** E CALCULATION ***
*** MAXWELL SOLVER ***
Initial residual: 0.00628714 norm b vector (source) = 0.0191154
GMRES converged at restart # 0; iteration #4 with error: 0.000238508
*** B CALCULATION ***
 ======= Cycle 84 ======= 
*** E CALCULATION ***
*** MAXWELL SOLVER ***
Initial residual: 0.00629199 norm b vector (source) = 0.0189826
GMRES converged at restart # 0; iteration #4 with error: 0.000235863
*** B CALCULATION ***
 ======= Cycle 85 ======= 
*** E CALCULATION ***
*** MAXWELL SOLVER ***
Initial residual: 0.0062999 norm b vector (source) = 0.0188547
GMRES converged at restart # 0; iteration #4 with error: 0.00023477
*** B CALCULATION ***
 ======= Cycle 86 ======= 
*** E CALCULATION ***
*** MAXWELL SOLVER ***
Initial residual: 0.00630484 norm b vector (source) = 0.0187393
GMRES converged at restart # 0; iteration #4 with error: 0.000232826
*** B CALCULATION ***
 ======= Cycle 87 ======= 
*** E CALCULATION ***
*** MAXWELL SOLVER ***
Initial residual: 0.0063068 norm b vector (source) = 0.0186443
GMRES converged at restart # 0; iteration #4 with error: 0.000234299
*** B CALCULATION ***
 ======= Cycle 88 ======= 
*** E CALCULATION ***
*** MAXWELL SOLVER ***
Initial residual: 0.00631165 norm b vector (source) = 0.0185721
GMRES converged at restart # 0; iteration #4 with error: 0.000235003
*** B CALCULATION ***
 ======= Cycle 89 ======= 
*** E CALCULATION ***
*** MAXWELL SOLVER ***
Initial residual: 0.00631016 norm b vector (source) = 0.0185239
GMRES converged at restart # 0; iteration #4 with error: 0.000238753
*** B CALCULATION ***
 ======= Cycle 90 ======= 
*** E CALCULATION ***
*** MAXWELL SOLVER ***
Initial residual: 0.00631153 norm b vector (source) = 0.0184955
GMRES converged at restart # 0; iteration #4 with error: 0.000239055
*** B CALCULATION ***
 ======= Cycle 91 ======= 
*** E CALCULATION ***
*** MAXWELL SOLVER ***
Initial residual: 0.00631028 norm b vector (source) = 0.0184825
GMRES converged at restart # 0; iteration #4 with error: 0.000242038
*** B CALCULATION ***
 ======= Cycle 92 ======= 
*** E CALCULATION ***
*** MAXWELL SOLVER ***
Initial residual: 0.00630767 norm b vector (source) = 0.0184795
GMRES converged at restart # 0; iteration #4 with error: 0.000244373
*** B CALCULATION ***
 ======= Cycle 93 ======= 
*** E CALCULATION ***
*** MAXWELL SOLVER ***
Initial residual: 0.00630188 norm b vector (source) = 0.0184809
GMRES converged at restart # 0; iteration #4 with error: 0.000244702
*** B CALCULATION ***
 ======= Cycle 94 ======= 
*** E CALCULATION ***
*** MAXWELL SOLVER ***
Initial residual: 0.00629168 norm b vector (source) = 0.0184806
GMRES converged at restart # 0; iteration #4 with error: 0.000247255
*** B CALCULATION ***
 ======= Cycle 95 ======= 
*** E CALCULATION ***
*** MAXWELL SOLVER ***
Initial residual: 0.00627856 norm b vector (source) = 0.0184758
GMRES converged at restart # 0; iteration #4 with error: 0.000251073
*** B CALCULATION ***
 ======= Cycle 96 ======= 
*** E CALCULATION ***
*** MAXWELL SOLVER ***
Initial residual: 0.00626009 norm b vector (source) = 0.0184676
GMRES converged at restart # 0; iteration #4 with error: 0.000252837
*** B CALCULATION ***
 ======= Cycle 97 ======= 
*** E CALCULATION ***
*** MAXWELL SOLVER ***
Initial residual: 0.00624293 norm b vector (source) = 0.0184603
GMRES converged at restart # 0; iteration #4 with error: 0.000256087
*** B CALCULATION ***
 ======= Cycle 98 ======= 
*** E CALCULATION ***
*** MAXWELL SOLVER ***
Initial residual: 0.00622543 norm b vector (source) = 0.018456
GMRES converged at restart # 0; iteration #4 with error: 0.000259642
*** B CALCULATION ***
 ======= Cycle 99 ======= 
*** E CALCULATION ***
*** MAXWELL SOLVER ***
Initial residual: 0.00619814 norm b vector (source) = 0.0184514
GMRES converged at restart # 0; iteration #4 with error: 0.000263106
*** B CALCULATION ***


*** SIMULATION ENDED SUCESSFULLY ***
 Simulation Time: 1.78143 sec (0.000494842 hours)
***

